#
# A fatal error has been detected by the Java Runtime Environment:
#
#  EXCEPTION_ACCESS_VIOLATION (0xc0000005) at pc=0x00007ffddf745a7d, pid=2984, tid=2728
#
# JRE version: OpenJDK Runtime Environment Corretto-11.0.22.7.1 (11.0.22+7) (build 11.0.22+7-LTS)
# Java VM: OpenJDK 64-Bit Server VM Corretto-11.0.22.7.1 (11.0.22+7-LTS, mixed mode, tiered, compressed oops, g1 gc, windows-amd64)
# Problematic frame:
# V  [jvm.dll+0x345a7d]
#
# No core dump will be written. Minidumps are not enabled by default on client versions of Windows
#
# If you would like to submit a bug report, please visit:
#   https://github.com/corretto/corretto-11/issues/
#

---------------  S U M M A R Y ------------

Command Line: --add-opens=java.base/java.util=ALL-UNNAMED --add-opens=java.base/java.lang=ALL-UNNAMED --add-opens=java.base/java.lang.invoke=ALL-UNNAMED --add-opens=java.prefs/java.util.prefs=ALL-UNNAMED --add-opens=java.base/java.nio.charset=ALL-UNNAMED --add-opens=java.base/java.net=ALL-UNNAMED --add-opens=java.base/java.util.concurrent.atomic=ALL-UNNAMED -XX:MaxMetaspaceSize=256m -XX:+HeapDumpOnOutOfMemoryError -Xms256m -Xmx512m -Dfile.encoding=windows-1251 -Duser.country=RU -Duser.language=ru -Duser.variant org.gradle.launcher.daemon.bootstrap.GradleDaemon 7.6

Host: Intel(R) Core(TM) i3-6100 CPU @ 3.70GHz, 4 cores, 7G,  Windows 10 , 64 bit Build 19041 (10.0.19041.3393)
Time: Fri May 31 18:14:31 2024 RTZ 2 (s 10 , 64 bit Build 19041 (10.0.19041.3393) elapsed time: 170.949877 seconds (0d 0h 2m 50s)

---------------  T H R E A D  ---------------

Current thread (0x0000014f2559b800):  JavaThread "C2 CompilerThread0" daemon [_thread_in_native, id=2728, stack(0x00000021d2b00000,0x00000021d2c00000)]


Current CompileTask:
C2: 170949 9948       4       org.objectweb.asm.ClassReader::accept (1412 bytes)

Stack: [0x00000021d2b00000,0x00000021d2c00000],  sp=0x00000021d2bfbb70,  free space=1006k
Native frames: (J=compiled Java code, j=interpreted, Vv=VM code, C=native code)
V  [jvm.dll+0x345a7d]
V  [jvm.dll+0x346c7d]
V  [jvm.dll+0x3444b1]
V  [jvm.dll+0x343a7a]
V  [jvm.dll+0x22173f]
V  [jvm.dll+0x220748]
V  [jvm.dll+0x19e521]
V  [jvm.dll+0x2305e9]
V  [jvm.dll+0x22e75f]
V  [jvm.dll+0x79ae51]
V  [jvm.dll+0x793b24]
V  [jvm.dll+0x644615]
C  [ucrtbase.dll+0x21bb2]
C  [KERNEL32.DLL+0x17344]
C  [ntdll.dll+0x526b1]


siginfo: EXCEPTION_ACCESS_VIOLATION (0xc0000005), reading address 0x0000014d2f6e1b68


Register to memory mapping:

RIP=0x00007ffddf745a7d jvm.dll
RAX=0x0000014f2e5f4e78 points into unknown readable memory: 0x00007ffddfcab668 | 68 b6 ca df fd 7f 00 00
RBX=0x0000014d2f6e1b40 is an unknown value
RCX=0x0000014f2e88b910 points into unknown readable memory: 0x0000014f2cf0e158 | 58 e1 f0 2c 4f 01 00 00
RDX=0x00000021d2bfbcd0 is pointing into the stack for thread: 0x0000014f2559b800
RSP=0x00000021d2bfbb70 is pointing into the stack for thread: 0x0000014f2559b800
RBP=0x0 is NULL
RSI=0x0000014f2f6df620 points into unknown readable memory: 0x00007ffddfc63c38 | 38 3c c6 df fd 7f 00 00
RDI=0x0000000000000003 is an unknown value
R8 =0x000000000000000e is an unknown value
R9 =0x00000021d2bfbcd0 is pointing into the stack for thread: 0x0000014f2559b800
R10=0x0000014f2ca835a0 points into unknown readable memory: 0x0000014f2e5f4cb8 | b8 4c 5f 2e 4f 01 00 00
R11=0x0000014f2ca83520 points into unknown readable memory: 0x0000014f2e5f4b60 | 60 4b 5f 2e 4f 01 00 00
R12=0x0000014f2f6df600 points into unknown readable memory: 0x0000000000000000 | 00 00 00 00 00 00 00 00
R13=0x0 is NULL
R14=0x00000021d2bfbbe0 is pointing into the stack for thread: 0x0000014f2559b800
R15=0x0000000000000565 is an unknown value


Registers:
RAX=0x0000014f2e5f4e78, RBX=0x0000014d2f6e1b40, RCX=0x0000014f2e88b910, RDX=0x00000021d2bfbcd0
RSP=0x00000021d2bfbb70, RBP=0x0000000000000000, RSI=0x0000014f2f6df620, RDI=0x0000000000000003
R8 =0x000000000000000e, R9 =0x00000021d2bfbcd0, R10=0x0000014f2ca835a0, R11=0x0000014f2ca83520
R12=0x0000014f2f6df600, R13=0x0000000000000000, R14=0x00000021d2bfbbe0, R15=0x0000000000000565
RIP=0x00007ffddf745a7d, EFLAGS=0x0000000000010206

Top of Stack: (sp=0x00000021d2bfbb70)
0x00000021d2bfbb70:   0000000000000007 0000014f2f706c98
0x00000021d2bfbb80:   0000014f2f6e1e50 0000000000000000
0x00000021d2bfbb90:   00000021d2bfc130 0000014f2e88b910
0x00000021d2bfbba0:   0000014f2f6e1f01 0000014f2e5f4e78
0x00000021d2bfbbb0:   0000014f2f6e1e50 00007ffddf746c7d
0x00000021d2bfbbc0:   00000021d2bfc130 0000014f2e5f4d20
0x00000021d2bfbbd0:   0000014f2f6e1f48 0000014f2e5f4e78
0x00000021d2bfbbe0:   00000021d2bfbcd0 00000021d2bfbc80
0x00000021d2bfbbf0:   00000021d2bfc130 0000014f25f126a0
0x00000021d2bfbc00:   0000014f25592280 0000000000000008
0x00000021d2bfbc10:   00000021d2bfc130 00007ffddfcaaa18
0x00000021d2bfbc20:   00000021d2bfbd30 00007ffddf7444b1
0x00000021d2bfbc30:   0000014f25592278 0000014f25f126a0
0x00000021d2bfbc40:   0000014f2ad724e0 00000021d2bfc130
0x00000021d2bfbc50:   000000002d310101 0000014f2e6e0400
0x00000021d2bfbc60:   000000000000256f 0000000000000071 

Instructions: (pc=0x00007ffddf745a7d)
0x00007ffddf74597d:   41 5e 5f e9 ab 19 00 00 cc cc cc cc cc cc cc cc
0x00007ffddf74598d:   cc cc cc 41 56 48 83 ec 40 48 8b 51 08 4c 8b f1
0x00007ffddf74599d:   4c 8b 02 49 8b c0 48 2b 42 10 48 83 c0 10 48 c1
0x00007ffddf7459ad:   e8 04 85 c0 75 09 33 c0 48 83 c4 40 41 5e c3 48
0x00007ffddf7459bd:   89 5c 24 58 49 8d 40 f0 48 89 6c 24 60 48 89 74
0x00007ffddf7459cd:   24 38 48 89 7c 24 30 4c 89 64 24 28 4d 8b 20 49
0x00007ffddf7459dd:   8b f4 4c 89 7c 24 20 48 83 e6 fe 41 80 e4 01 8b
0x00007ffddf7459ed:   7e 20 41 39 78 08 41 0f 42 78 08 48 89 02 0f 1f
0x00007ffddf7459fd:   44 00 00 44 8b 46 28 41 8b c0 4d 8b 0e c1 e8 05
0x00007ffddf745a0d:   41 3b 41 10 72 0e 49 8b 01 41 8b d0 49 8b c9 ff
0x00007ffddf745a1d:   50 18 eb 1b 8b c8 41 83 e0 1f 49 8b 41 18 48 8d
0x00007ffddf745a2d:   14 88 b8 01 00 00 00 41 0f b6 c8 d3 e0 09 02 8b
0x00007ffddf745a3d:   46 2c 24 0f 3c 08 75 09 48 8b 46 08 48 8b 08 eb
0x00007ffddf745a4d:   03 48 8b ce 49 8b 46 10 33 ed 8b 51 28 48 8b 48
0x00007ffddf745a5d:   78 48 8b 04 d1 44 8b 78 68 85 ff 0f 84 bd 00 00
0x00007ffddf745a6d:   00 66 90 48 8b 5e 10 ff cf 49 8b 16 48 8b 1c fb
0x00007ffddf745a7d:   8b 4b 28 8b c1 c1 e8 05 3b 42 10 73 19 44 8b c0
0x00007ffddf745a8d:   83 e1 1f 48 8b 42 18 ba 01 00 00 00 d3 e2 42 8b
0x00007ffddf745a9d:   04 80 23 c2 75 48 8b 43 2c 24 0f 3c 08 75 09 48
0x00007ffddf745aad:   8b 43 08 4c 8b 00 eb 03 4c 8b c3 49 8b 46 10 41
0x00007ffddf745abd:   8b 50 28 48 8b 48 78 48 8b 04 d1 44 39 78 68 72
0x00007ffddf745acd:   1d 75 0b 41 8b 40 2c 83 e0 0f 3c 0c 74 10 48 8b
0x00007ffddf745add:   cb 48 8b eb e8 3a df 2d 00 41 3a c4 74 04 85 ff
0x00007ffddf745aed:   75 81 48 85 ed 74 37 49 8b 5e 08 48 83 03 10 48
0x00007ffddf745afd:   8b 0b 48 3b 4b 08 72 0b 48 8b cb e8 93 cb 2d 00
0x00007ffddf745b0d:   48 8b 0b 41 0f b6 c4 48 0b c6 89 79 08 48 89 01
0x00007ffddf745b1d:   48 8b f5 8b 7d 20 45 32 e4 e9 d5 fe ff ff 45 84
0x00007ffddf745b2d:   e4 75 0b 8b 7e 20 41 b4 01 e9 c5 fe ff ff 4c 8b
0x00007ffddf745b3d:   7c 24 20 48 8b c6 48 8b 74 24 38 4c 8b 64 24 28
0x00007ffddf745b4d:   48 8b 7c 24 30 48 8b 6c 24 60 48 8b 5c 24 58 48
0x00007ffddf745b5d:   83 c4 40 41 5e c3 cc cc cc cc cc cc cc cc cc cc
0x00007ffddf745b6d:   cc cc cc 48 89 5c 24 08 48 89 74 24 10 57 48 83 


Stack slot to memory mapping:
stack at sp + 0 slots: 0x0000000000000007 is an unknown value
stack at sp + 1 slots: 0x0000014f2f706c98 points into unknown readable memory: 0x00007ffddfcdd278 | 78 d2 cd df fd 7f 00 00
stack at sp + 2 slots: 0x0000014f2f6e1e50 points into unknown readable memory: 0x00007ffddfc30718 | 18 07 c3 df fd 7f 00 00
stack at sp + 3 slots: 0x0 is NULL
stack at sp + 4 slots: 0x00000021d2bfc130 is pointing into the stack for thread: 0x0000014f2559b800
stack at sp + 5 slots: 0x0000014f2e88b910 points into unknown readable memory: 0x0000014f2cf0e158 | 58 e1 f0 2c 4f 01 00 00
stack at sp + 6 slots: 0x0000014f2f6e1f01 points into unknown readable memory: f5 6d 2f 4f 01 00 00
stack at sp + 7 slots: 0x0000014f2e5f4e78 points into unknown readable memory: 0x00007ffddfcab668 | 68 b6 ca df fd 7f 00 00


---------------  P R O C E S S  ---------------

Threads class SMR info:
_java_thread_list=0x0000014f2a236950, length=44, elements={
0x0000014f086ae800, 0x0000014f25582800, 0x0000014f2558c800, 0x0000014f25596000,
0x0000014f25597000, 0x0000014f25598000, 0x0000014f2559b800, 0x0000014f255a6000,
0x0000014f255a9800, 0x0000014f26072000, 0x0000014f26a64000, 0x0000014f281f3800,
0x0000014f27ff5800, 0x0000014f280ea000, 0x0000014f280e8000, 0x0000014f280e8800,
0x0000014f280e9800, 0x0000014f2a5de000, 0x0000014f2a5d9000, 0x0000014f2a5db800,
0x0000014f2a5de800, 0x0000014f2a5df800, 0x0000014f2a5d9800, 0x0000014f280bd000,
0x0000014f280be000, 0x0000014f280b8000, 0x0000014f280ba800, 0x0000014f280b9000,
0x0000014f280bf800, 0x0000014f280bf000, 0x0000014f280bc800, 0x0000014f280c1000,
0x0000014f280bb800, 0x0000014f280c3000, 0x0000014f280c4800, 0x0000014f280c2000,
0x0000014f280c5800, 0x0000014f26d3e800, 0x0000014f280c6000, 0x0000014f280c0800,
0x0000014f280c3800, 0x0000014f2a5dd000, 0x0000014f2a5da800, 0x0000014f2a5dc000
}

Java Threads: ( => current thread )
  0x0000014f086ae800 JavaThread "main" [_thread_blocked, id=8564, stack(0x00000021d1f00000,0x00000021d2000000)]
  0x0000014f25582800 JavaThread "Reference Handler" daemon [_thread_blocked, id=3356, stack(0x00000021d2600000,0x00000021d2700000)]
  0x0000014f2558c800 JavaThread "Finalizer" daemon [_thread_blocked, id=7308, stack(0x00000021d2700000,0x00000021d2800000)]
  0x0000014f25596000 JavaThread "Signal Dispatcher" daemon [_thread_blocked, id=5944, stack(0x00000021d2800000,0x00000021d2900000)]
  0x0000014f25597000 JavaThread "Attach Listener" daemon [_thread_blocked, id=7348, stack(0x00000021d2900000,0x00000021d2a00000)]
  0x0000014f25598000 JavaThread "Service Thread" daemon [_thread_blocked, id=4264, stack(0x00000021d2a00000,0x00000021d2b00000)]
=>0x0000014f2559b800 JavaThread "C2 CompilerThread0" daemon [_thread_in_native, id=2728, stack(0x00000021d2b00000,0x00000021d2c00000)]
  0x0000014f255a6000 JavaThread "C1 CompilerThread0" daemon [_thread_blocked, id=6892, stack(0x00000021d2c00000,0x00000021d2d00000)]
  0x0000014f255a9800 JavaThread "Sweeper thread" daemon [_thread_blocked, id=4100, stack(0x00000021d2d00000,0x00000021d2e00000)]
  0x0000014f26072000 JavaThread "Common-Cleaner" daemon [_thread_blocked, id=6956, stack(0x00000021d2e00000,0x00000021d2f00000)]
  0x0000014f26a64000 JavaThread "Daemon health stats" [_thread_blocked, id=3884, stack(0x00000021d3300000,0x00000021d3400000)]
  0x0000014f281f3800 JavaThread "Incoming local TCP Connector on port 51715" [_thread_in_native, id=9180, stack(0x00000021d3400000,0x00000021d3500000)]
  0x0000014f27ff5800 JavaThread "Daemon periodic checks" [_thread_blocked, id=4312, stack(0x00000021d3500000,0x00000021d3600000)]
  0x0000014f280ea000 JavaThread "Cache worker for journal cache (C:\Users\MariMax\.gradle\caches\journal-1)" [_thread_blocked, id=3096, stack(0x00000021d3e00000,0x00000021d3f00000)]
  0x0000014f280e8000 JavaThread "File lock request listener" [_thread_in_native, id=3608, stack(0x00000021d3f00000,0x00000021d4000000)]
  0x0000014f280e8800 JavaThread "Cache worker for file hash cache (C:\Users\MariMax\.gradle\caches\7.6\fileHashes)" [_thread_blocked, id=6996, stack(0x00000021d4000000,0x00000021d4100000)]
  0x0000014f280e9800 JavaThread "File watcher server" daemon [_thread_in_native, id=1036, stack(0x00000021d4100000,0x00000021d4200000)]
  0x0000014f2a5de000 JavaThread "File watcher consumer" daemon [_thread_blocked, id=6060, stack(0x00000021d4200000,0x00000021d4300000)]
  0x0000014f2a5d9000 JavaThread "jar transforms" [_thread_blocked, id=8148, stack(0x00000021d3d00000,0x00000021d3e00000)]
  0x0000014f2a5db800 JavaThread "jar transforms Thread 2" [_thread_blocked, id=8876, stack(0x00000021d4300000,0x00000021d4400000)]
  0x0000014f2a5de800 JavaThread "jar transforms Thread 3" [_thread_blocked, id=4228, stack(0x00000021d4400000,0x00000021d4500000)]
  0x0000014f2a5df800 JavaThread "jar transforms Thread 4" [_thread_blocked, id=1264, stack(0x00000021d4500000,0x00000021d4600000)]
  0x0000014f2a5d9800 JavaThread "Cache worker for file content cache (C:\Users\MariMax\.gradle\caches\7.6\fileContent)" [_thread_blocked, id=7296, stack(0x00000021d4800000,0x00000021d4900000)]
  0x0000014f280bd000 JavaThread "Cache worker for execution history cache (C:\Users\MariMax\.gradle\caches\7.6\executionHistory)" [_thread_blocked, id=3840, stack(0x00000021d4b00000,0x00000021d4c00000)]
  0x0000014f280be000 JavaThread "Memory manager" [_thread_blocked, id=3888, stack(0x00000021d5100000,0x00000021d5200000)]
  0x0000014f280b8000 JavaThread "Daemon Thread 2" [_thread_blocked, id=1104, stack(0x00000021d3600000,0x00000021d3700000)]
  0x0000014f280ba800 JavaThread "Handler for socket connection from /127.0.0.1:51715 to /127.0.0.1:52703" [_thread_in_native, id=5240, stack(0x00000021d3700000,0x00000021d3800000)]
  0x0000014f280b9000 JavaThread "Cancel handler" [_thread_blocked, id=8304, stack(0x00000021d3800000,0x00000021d3900000)]
  0x0000014f280bf800 JavaThread "Daemon worker Thread 2" [_thread_in_native, id=7340, stack(0x00000021d3900000,0x00000021d3a00000)]
  0x0000014f280bf000 JavaThread "Asynchronous log dispatcher for DefaultDaemonConnection: socket connection from /127.0.0.1:51715 to /127.0.0.1:52703" [_thread_blocked, id=7564, stack(0x00000021d3a00000,0x00000021d3b00000)]
  0x0000014f280bc800 JavaThread "Stdin handler" [_thread_blocked, id=9168, stack(0x00000021d3b00000,0x00000021d3c00000)]
  0x0000014f280c1000 JavaThread "Daemon client event forwarder" [_thread_blocked, id=7900, stack(0x00000021d3c00000,0x00000021d3d00000)]
  0x0000014f280bb800 JavaThread "Cache worker for checksums cache (C:\Users\MariMax\IdeaProjects\unit1.1\.gradle\7.6\checksums)" [_thread_blocked, id=3716, stack(0x00000021d4600000,0x00000021d4700000)]
  0x0000014f280c3000 JavaThread "Cache worker for cache directory md-rule (C:\Users\MariMax\.gradle\caches\7.6\md-rule)" [_thread_blocked, id=4248, stack(0x00000021d4700000,0x00000021d4800000)]
  0x0000014f280c4800 JavaThread "Cache worker for file hash cache (C:\Users\MariMax\IdeaProjects\unit1.1\.gradle\7.6\fileHashes)" [_thread_blocked, id=1396, stack(0x00000021d4900000,0x00000021d4a00000)]
  0x0000014f280c2000 JavaThread "Cache worker for cache directory md-supplier (C:\Users\MariMax\.gradle\caches\7.6\md-supplier)" [_thread_blocked, id=4472, stack(0x00000021d4a00000,0x00000021d4b00000)]
  0x0000014f280c5800 JavaThread "Cache worker for dependencies-accessors (C:\Users\MariMax\IdeaProjects\unit1.1\.gradle\7.6\dependencies-accessors)" [_thread_blocked, id=8112, stack(0x00000021d4c00000,0x00000021d4d00000)]
  0x0000014f26d3e800 JavaThread "C2 CompilerThread1" daemon [_thread_blocked, id=3612, stack(0x00000021d4d00000,0x00000021d4e00000)]
  0x0000014f280c6000 JavaThread "Cache worker for Build Output Cleanup Cache (C:\Users\MariMax\IdeaProjects\unit1.1\.gradle\buildOutputCleanup)" [_thread_blocked, id=7952, stack(0x00000021d4f00000,0x00000021d5000000)]
  0x0000014f280c0800 JavaThread "included builds" [_thread_blocked, id=824, stack(0x00000021d5000000,0x00000021d5100000)]
  0x0000014f280c3800 JavaThread "Execution worker" [_thread_blocked, id=4152, stack(0x00000021d5200000,0x00000021d5300000)]
  0x0000014f2a5dd000 JavaThread "Execution worker Thread 2" [_thread_blocked, id=4396, stack(0x00000021d5300000,0x00000021d5400000)]
  0x0000014f2a5da800 JavaThread "Execution worker Thread 3" [_thread_blocked, id=5952, stack(0x00000021d5400000,0x00000021d5500000)]
  0x0000014f2a5dc000 JavaThread "Cache worker for execution history cache (C:\Users\MariMax\IdeaProjects\unit1.1\.gradle\7.6\executionHistory)" [_thread_blocked, id=8932, stack(0x00000021d5500000,0x00000021d5600000)]

Other Threads:
  0x0000014f2554c000 VMThread "VM Thread" [stack: 0x00000021d2500000,0x00000021d2600000] [id=3420]
  0x0000014f2609f800 WatcherThread [stack: 0x00000021d2f00000,0x00000021d3000000] [id=6836]
  0x0000014f086c9000 GCTaskThread "GC Thread#0" [stack: 0x00000021d2000000,0x00000021d2100000] [id=9208]
  0x0000014f264e4800 GCTaskThread "GC Thread#1" [stack: 0x00000021d3000000,0x00000021d3100000] [id=3064]
  0x0000014f26240000 GCTaskThread "GC Thread#2" [stack: 0x00000021d3100000,0x00000021d3200000] [id=5264]
  0x0000014f26230800 GCTaskThread "GC Thread#3" [stack: 0x00000021d3200000,0x00000021d3300000] [id=1560]
  0x0000014f086d9800 ConcurrentGCThread "G1 Main Marker" [stack: 0x00000021d2100000,0x00000021d2200000] [id=7648]
  0x0000014f086dc000 ConcurrentGCThread "G1 Conc#0" [stack: 0x00000021d2200000,0x00000021d2300000] [id=4080]
  0x0000014f253e8800 ConcurrentGCThread "G1 Refine#0" [stack: 0x00000021d2300000,0x00000021d2400000] [id=7980]
  0x0000014f253e9000 ConcurrentGCThread "G1 Young RemSet Sampling" [stack: 0x00000021d2400000,0x00000021d2500000] [id=8332]

Threads with active compile tasks:
C2 CompilerThread0   170979 9948       4       org.objectweb.asm.ClassReader::accept (1412 bytes)

VM state:not at safepoint (normal execution)

VM Mutex/Monitor currently owned by a thread: None

Heap address: 0x00000000e0000000, size: 512 MB, Compressed Oops mode: 32-bit
Narrow klass base: 0x0000000000000000, Narrow klass shift: 3
Compressed class space size: 260046848 Address: 0x0000000100000000

Heap:
 garbage-first heap   total 262144K, used 193963K [0x00000000e0000000, 0x0000000100000000)
  region size 1024K, 107 young (109568K), 10 survivors (10240K)
 Metaspace       used 83115K, capacity 86085K, committed 86308K, reserved 329728K
  class space    used 10740K, capacity 11825K, committed 11952K, reserved 253952K
Heap Regions: E=young(eden), S=young(survivor), O=old, HS=humongous(starts), HC=humongous(continues), CS=collection set, F=free, A=archive, TAMS=top-at-mark-start (previous, next)
|   0|0x00000000e0000000, 0x00000000e0100000, 0x00000000e0100000|100%|HS|  |TAMS 0x00000000e0100000, 0x00000000e0000000| Complete 
|   1|0x00000000e0100000, 0x00000000e0200000, 0x00000000e0200000|100%|HC|  |TAMS 0x00000000e0200000, 0x00000000e0100000| Complete 
|   2|0x00000000e0200000, 0x00000000e0300000, 0x00000000e0300000|100%|HC|  |TAMS 0x00000000e0300000, 0x00000000e0200000| Complete 
|   3|0x00000000e0300000, 0x00000000e0400000, 0x00000000e0400000|100%| O|  |TAMS 0x00000000e0400000, 0x00000000e0300000| Untracked 
|   4|0x00000000e0400000, 0x00000000e0500000, 0x00000000e0500000|100%| O|  |TAMS 0x00000000e0500000, 0x00000000e0400000| Untracked 
|   5|0x00000000e0500000, 0x00000000e0600000, 0x00000000e0600000|100%| O|  |TAMS 0x00000000e0600000, 0x00000000e0500000| Untracked 
|   6|0x00000000e0600000, 0x00000000e0700000, 0x00000000e0700000|100%| O|  |TAMS 0x00000000e0700000, 0x00000000e0600000| Untracked 
|   7|0x00000000e0700000, 0x00000000e0800000, 0x00000000e0800000|100%| O|  |TAMS 0x00000000e0800000, 0x00000000e0700000| Untracked 
|   8|0x00000000e0800000, 0x00000000e0900000, 0x00000000e0900000|100%| O|  |TAMS 0x00000000e0900000, 0x00000000e0800000| Untracked 
|   9|0x00000000e0900000, 0x00000000e0a00000, 0x00000000e0a00000|100%| O|  |TAMS 0x00000000e0a00000, 0x00000000e0900000| Untracked 
|  10|0x00000000e0a00000, 0x00000000e0b00000, 0x00000000e0b00000|100%| O|  |TAMS 0x00000000e0b00000, 0x00000000e0a00000| Untracked 
|  11|0x00000000e0b00000, 0x00000000e0c00000, 0x00000000e0c00000|100%| O|  |TAMS 0x00000000e0c00000, 0x00000000e0b00000| Untracked 
|  12|0x00000000e0c00000, 0x00000000e0d00000, 0x00000000e0d00000|100%| O|  |TAMS 0x00000000e0d00000, 0x00000000e0c00000| Untracked 
|  13|0x00000000e0d00000, 0x00000000e0e00000, 0x00000000e0e00000|100%| O|  |TAMS 0x00000000e0e00000, 0x00000000e0d00000| Untracked 
|  14|0x00000000e0e00000, 0x00000000e0f00000, 0x00000000e0f00000|100%| O|  |TAMS 0x00000000e0f00000, 0x00000000e0e00000| Untracked 
|  15|0x00000000e0f00000, 0x00000000e1000000, 0x00000000e1000000|100%| O|  |TAMS 0x00000000e1000000, 0x00000000e0f00000| Untracked 
|  16|0x00000000e1000000, 0x00000000e1100000, 0x00000000e1100000|100%| O|  |TAMS 0x00000000e1100000, 0x00000000e1000000| Untracked 
|  17|0x00000000e1100000, 0x00000000e1200000, 0x00000000e1200000|100%|HS|  |TAMS 0x00000000e1200000, 0x00000000e1100000| Complete 
|  18|0x00000000e1200000, 0x00000000e1300000, 0x00000000e1300000|100%|HC|  |TAMS 0x00000000e1300000, 0x00000000e1200000| Complete 
|  19|0x00000000e1300000, 0x00000000e1400000, 0x00000000e1400000|100%|HS|  |TAMS 0x00000000e1400000, 0x00000000e1300000| Complete 
|  20|0x00000000e1400000, 0x00000000e1500000, 0x00000000e1500000|100%|HC|  |TAMS 0x00000000e1500000, 0x00000000e1400000| Complete 
|  21|0x00000000e1500000, 0x00000000e1600000, 0x00000000e1600000|100%|HC|  |TAMS 0x00000000e1600000, 0x00000000e1500000| Complete 
|  22|0x00000000e1600000, 0x00000000e1700000, 0x00000000e1700000|100%|HS|  |TAMS 0x00000000e1700000, 0x00000000e1600000| Complete 
|  23|0x00000000e1700000, 0x00000000e1800000, 0x00000000e1800000|100%|HC|  |TAMS 0x00000000e1800000, 0x00000000e1700000| Complete 
|  24|0x00000000e1800000, 0x00000000e1900000, 0x00000000e1900000|100%|HC|  |TAMS 0x00000000e1900000, 0x00000000e1800000| Complete 
|  25|0x00000000e1900000, 0x00000000e1a00000, 0x00000000e1a00000|100%|HS|  |TAMS 0x00000000e1a00000, 0x00000000e1900000| Complete 
|  26|0x00000000e1a00000, 0x00000000e1b00000, 0x00000000e1b00000|100%|HC|  |TAMS 0x00000000e1b00000, 0x00000000e1a00000| Complete 
|  27|0x00000000e1b00000, 0x00000000e1c00000, 0x00000000e1c00000|100%|HC|  |TAMS 0x00000000e1c00000, 0x00000000e1b00000| Complete 
|  28|0x00000000e1c00000, 0x00000000e1d00000, 0x00000000e1d00000|100%| O|  |TAMS 0x00000000e1d00000, 0x00000000e1c00000| Untracked 
|  29|0x00000000e1d00000, 0x00000000e1e00000, 0x00000000e1e00000|100%| O|  |TAMS 0x00000000e1e00000, 0x00000000e1d00000| Untracked 
|  30|0x00000000e1e00000, 0x00000000e1f00000, 0x00000000e1f00000|100%| O|  |TAMS 0x00000000e1f00000, 0x00000000e1e00000| Untracked 
|  31|0x00000000e1f00000, 0x00000000e2000000, 0x00000000e2000000|100%| O|  |TAMS 0x00000000e2000000, 0x00000000e1f00000| Untracked 
|  32|0x00000000e2000000, 0x00000000e2100000, 0x00000000e2100000|100%| O|  |TAMS 0x00000000e2100000, 0x00000000e2000000| Untracked 
|  33|0x00000000e2100000, 0x00000000e2200000, 0x00000000e2200000|100%| O|  |TAMS 0x00000000e2200000, 0x00000000e2100000| Untracked 
|  34|0x00000000e2200000, 0x00000000e2300000, 0x00000000e2300000|100%| O|  |TAMS 0x00000000e2300000, 0x00000000e2200000| Untracked 
|  35|0x00000000e2300000, 0x00000000e2400000, 0x00000000e2400000|100%| O|  |TAMS 0x00000000e2400000, 0x00000000e2300000| Untracked 
|  36|0x00000000e2400000, 0x00000000e2500000, 0x00000000e2500000|100%| O|  |TAMS 0x00000000e2500000, 0x00000000e2400000| Untracked 
|  37|0x00000000e2500000, 0x00000000e2600000, 0x00000000e2600000|100%| O|  |TAMS 0x00000000e2600000, 0x00000000e2500000| Untracked 
|  38|0x00000000e2600000, 0x00000000e2700000, 0x00000000e2700000|100%| O|  |TAMS 0x00000000e2700000, 0x00000000e2600000| Untracked 
|  39|0x00000000e2700000, 0x00000000e2800000, 0x00000000e2800000|100%| O|  |TAMS 0x00000000e2800000, 0x00000000e2700000| Untracked 
|  40|0x00000000e2800000, 0x00000000e2900000, 0x00000000e2900000|100%| O|  |TAMS 0x00000000e2900000, 0x00000000e2800000| Untracked 
|  41|0x00000000e2900000, 0x00000000e2a00000, 0x00000000e2a00000|100%| O|  |TAMS 0x00000000e2a00000, 0x00000000e2900000| Untracked 
|  42|0x00000000e2a00000, 0x00000000e2b00000, 0x00000000e2b00000|100%|HS|  |TAMS 0x00000000e2a00000, 0x00000000e2a00000| Complete 
|  43|0x00000000e2b00000, 0x00000000e2c00000, 0x00000000e2c00000|100%|HC|  |TAMS 0x00000000e2b00000, 0x00000000e2b00000| Complete 
|  44|0x00000000e2c00000, 0x00000000e2d00000, 0x00000000e2d00000|100%| O|  |TAMS 0x00000000e2c00000, 0x00000000e2c00000| Untracked 
|  45|0x00000000e2d00000, 0x00000000e2e00000, 0x00000000e2e00000|100%|HS|  |TAMS 0x00000000e2e00000, 0x00000000e2d00000| Complete 
|  46|0x00000000e2e00000, 0x00000000e2f00000, 0x00000000e2f00000|100%|HC|  |TAMS 0x00000000e2f00000, 0x00000000e2e00000| Complete 
|  47|0x00000000e2f00000, 0x00000000e3000000, 0x00000000e3000000|100%|HC|  |TAMS 0x00000000e3000000, 0x00000000e2f00000| Complete 
|  48|0x00000000e3000000, 0x00000000e3100000, 0x00000000e3100000|100%| O|  |TAMS 0x00000000e30b2200, 0x00000000e3000000| Untracked 
|  49|0x00000000e3100000, 0x00000000e3200000, 0x00000000e3200000|100%| O|  |TAMS 0x00000000e3200000, 0x00000000e3100000| Untracked 
|  50|0x00000000e3200000, 0x00000000e3300000, 0x00000000e3300000|100%| O|  |TAMS 0x00000000e3300000, 0x00000000e3200000| Untracked 
|  51|0x00000000e3300000, 0x00000000e3400000, 0x00000000e3400000|100%| O|  |TAMS 0x00000000e3400000, 0x00000000e3300000| Untracked 
|  52|0x00000000e3400000, 0x00000000e3500000, 0x00000000e3500000|100%| O|  |TAMS 0x00000000e3500000, 0x00000000e3400000| Untracked 
|  53|0x00000000e3500000, 0x00000000e3600000, 0x00000000e3600000|100%| O|  |TAMS 0x00000000e3600000, 0x00000000e3500000| Untracked 
|  54|0x00000000e3600000, 0x00000000e3700000, 0x00000000e3700000|100%| O|  |TAMS 0x00000000e3700000, 0x00000000e3600000| Untracked 
|  55|0x00000000e3700000, 0x00000000e3800000, 0x00000000e3800000|100%| O|  |TAMS 0x00000000e3800000, 0x00000000e3700000| Untracked 
|  56|0x00000000e3800000, 0x00000000e3900000, 0x00000000e3900000|100%| O|  |TAMS 0x00000000e3900000, 0x00000000e3800000| Untracked 
|  57|0x00000000e3900000, 0x00000000e3a00000, 0x00000000e3a00000|100%|HS|  |TAMS 0x00000000e3a00000, 0x00000000e3900000| Complete 
|  58|0x00000000e3a00000, 0x00000000e3b00000, 0x00000000e3b00000|100%|HC|  |TAMS 0x00000000e3b00000, 0x00000000e3a00000| Complete 
|  59|0x00000000e3b00000, 0x00000000e3c00000, 0x00000000e3c00000|100%|HC|  |TAMS 0x00000000e3c00000, 0x00000000e3b00000| Complete 
|  60|0x00000000e3c00000, 0x00000000e3d00000, 0x00000000e3d00000|100%|HC|  |TAMS 0x00000000e3d00000, 0x00000000e3c00000| Complete 
|  61|0x00000000e3d00000, 0x00000000e3e00000, 0x00000000e3e00000|100%|HS|  |TAMS 0x00000000e3d00000, 0x00000000e3d00000| Complete 
|  62|0x00000000e3e00000, 0x00000000e3f00000, 0x00000000e3f00000|100%|HC|  |TAMS 0x00000000e3e00000, 0x00000000e3e00000| Complete 
|  63|0x00000000e3f00000, 0x00000000e4000000, 0x00000000e4000000|100%|HC|  |TAMS 0x00000000e3f00000, 0x00000000e3f00000| Complete 
|  64|0x00000000e4000000, 0x00000000e4100000, 0x00000000e4100000|100%|HS|  |TAMS 0x00000000e4000000, 0x00000000e4000000| Complete 
|  65|0x00000000e4100000, 0x00000000e4200000, 0x00000000e4200000|100%|HC|  |TAMS 0x00000000e4100000, 0x00000000e4100000| Complete 
|  66|0x00000000e4200000, 0x00000000e4300000, 0x00000000e4300000|100%|HC|  |TAMS 0x00000000e4200000, 0x00000000e4200000| Complete 
|  67|0x00000000e4300000, 0x00000000e4400000, 0x00000000e4400000|100%|HS|  |TAMS 0x00000000e4300000, 0x00000000e4300000| Complete 
|  68|0x00000000e4400000, 0x00000000e4500000, 0x00000000e4500000|100%|HC|  |TAMS 0x00000000e4400000, 0x00000000e4400000| Complete 
|  69|0x00000000e4500000, 0x00000000e4600000, 0x00000000e4600000|100%|HC|  |TAMS 0x00000000e4500000, 0x00000000e4500000| Complete 
|  70|0x00000000e4600000, 0x00000000e4700000, 0x00000000e4700000|100%| O|  |TAMS 0x00000000e4600000, 0x00000000e4600000| Untracked 
|  71|0x00000000e4700000, 0x00000000e4800000, 0x00000000e4800000|100%| O|  |TAMS 0x00000000e4700000, 0x00000000e4700000| Untracked 
|  72|0x00000000e4800000, 0x00000000e4900000, 0x00000000e4900000|100%| O|  |TAMS 0x00000000e4800000, 0x00000000e4800000| Untracked 
|  73|0x00000000e4900000, 0x00000000e4a00000, 0x00000000e4a00000|100%| O|  |TAMS 0x00000000e4900000, 0x00000000e4900000| Untracked 
|  74|0x00000000e4a00000, 0x00000000e4b00000, 0x00000000e4b00000|100%| O|  |TAMS 0x00000000e4a00000, 0x00000000e4a00000| Untracked 
|  75|0x00000000e4b00000, 0x00000000e4c00000, 0x00000000e4c00000|100%| O|  |TAMS 0x00000000e4b00000, 0x00000000e4b00000| Untracked 
|  76|0x00000000e4c00000, 0x00000000e4d00000, 0x00000000e4d00000|100%| O|  |TAMS 0x00000000e4c00000, 0x00000000e4c00000| Untracked 
|  77|0x00000000e4d00000, 0x00000000e4e00000, 0x00000000e4e00000|100%| O|  |TAMS 0x00000000e4d00000, 0x00000000e4d00000| Untracked 
|  78|0x00000000e4e00000, 0x00000000e4f00000, 0x00000000e4f00000|100%| O|  |TAMS 0x00000000e4e00000, 0x00000000e4e00000| Untracked 
|  79|0x00000000e4f00000, 0x00000000e5000000, 0x00000000e5000000|100%| O|  |TAMS 0x00000000e4f00000, 0x00000000e4f00000| Untracked 
|  80|0x00000000e5000000, 0x00000000e5100000, 0x00000000e5100000|100%| O|  |TAMS 0x00000000e5000000, 0x00000000e5000000| Untracked 
|  81|0x00000000e5100000, 0x00000000e5200000, 0x00000000e5200000|100%| O|  |TAMS 0x00000000e5100000, 0x00000000e5100000| Untracked 
|  82|0x00000000e5200000, 0x00000000e5300000, 0x00000000e5300000|100%| O|  |TAMS 0x00000000e5200000, 0x00000000e5200000| Untracked 
|  83|0x00000000e5300000, 0x00000000e5400000, 0x00000000e5400000|100%| O|  |TAMS 0x00000000e5300000, 0x00000000e5300000| Untracked 
|  84|0x00000000e5400000, 0x00000000e546ac00, 0x00000000e5500000| 41%| O|  |TAMS 0x00000000e5400000, 0x00000000e5400000| Untracked 
|  85|0x00000000e5500000, 0x00000000e5500000, 0x00000000e5600000|  0%| F|  |TAMS 0x00000000e5500000, 0x00000000e5500000| Untracked 
|  86|0x00000000e5600000, 0x00000000e5600000, 0x00000000e5700000|  0%| F|  |TAMS 0x00000000e5600000, 0x00000000e5600000| Untracked 
|  87|0x00000000e5700000, 0x00000000e5700000, 0x00000000e5800000|  0%| F|  |TAMS 0x00000000e5700000, 0x00000000e5700000| Untracked 
|  88|0x00000000e5800000, 0x00000000e5800000, 0x00000000e5900000|  0%| F|  |TAMS 0x00000000e5800000, 0x00000000e5800000| Untracked 
|  89|0x00000000e5900000, 0x00000000e5900000, 0x00000000e5a00000|  0%| F|  |TAMS 0x00000000e5900000, 0x00000000e5900000| Untracked 
|  90|0x00000000e5a00000, 0x00000000e5a00000, 0x00000000e5b00000|  0%| F|  |TAMS 0x00000000e5a00000, 0x00000000e5a00000| Untracked 
|  91|0x00000000e5b00000, 0x00000000e5b00000, 0x00000000e5c00000|  0%| F|  |TAMS 0x00000000e5b00000, 0x00000000e5b00000| Untracked 
|  92|0x00000000e5c00000, 0x00000000e5c00000, 0x00000000e5d00000|  0%| F|  |TAMS 0x00000000e5c00000, 0x00000000e5c00000| Untracked 
|  93|0x00000000e5d00000, 0x00000000e5d00000, 0x00000000e5e00000|  0%| F|  |TAMS 0x00000000e5d00000, 0x00000000e5d00000| Untracked 
|  94|0x00000000e5e00000, 0x00000000e5e00000, 0x00000000e5f00000|  0%| F|  |TAMS 0x00000000e5e00000, 0x00000000e5e00000| Untracked 
|  95|0x00000000e5f00000, 0x00000000e5f00000, 0x00000000e6000000|  0%| F|  |TAMS 0x00000000e5f00000, 0x00000000e5f00000| Untracked 
|  96|0x00000000e6000000, 0x00000000e6000000, 0x00000000e6100000|  0%| F|  |TAMS 0x00000000e6000000, 0x00000000e6000000| Untracked 
|  97|0x00000000e6100000, 0x00000000e6100000, 0x00000000e6200000|  0%| F|  |TAMS 0x00000000e6100000, 0x00000000e6100000| Untracked 
|  98|0x00000000e6200000, 0x00000000e6200000, 0x00000000e6300000|  0%| F|  |TAMS 0x00000000e6200000, 0x00000000e6200000| Untracked 
|  99|0x00000000e6300000, 0x00000000e6300000, 0x00000000e6400000|  0%| F|  |TAMS 0x00000000e6300000, 0x00000000e6300000| Untracked 
| 100|0x00000000e6400000, 0x00000000e6400000, 0x00000000e6500000|  0%| F|  |TAMS 0x00000000e6400000, 0x00000000e6400000| Untracked 
| 101|0x00000000e6500000, 0x00000000e6500000, 0x00000000e6600000|  0%| F|  |TAMS 0x00000000e6500000, 0x00000000e6500000| Untracked 
| 102|0x00000000e6600000, 0x00000000e6600000, 0x00000000e6700000|  0%| F|  |TAMS 0x00000000e6600000, 0x00000000e6600000| Untracked 
| 103|0x00000000e6700000, 0x00000000e6700000, 0x00000000e6800000|  0%| F|  |TAMS 0x00000000e6700000, 0x00000000e6700000| Untracked 
| 104|0x00000000e6800000, 0x00000000e6800000, 0x00000000e6900000|  0%| F|  |TAMS 0x00000000e6800000, 0x00000000e6800000| Untracked 
| 105|0x00000000e6900000, 0x00000000e6900000, 0x00000000e6a00000|  0%| F|  |TAMS 0x00000000e6900000, 0x00000000e6900000| Untracked 
| 106|0x00000000e6a00000, 0x00000000e6a00000, 0x00000000e6b00000|  0%| F|  |TAMS 0x00000000e6a00000, 0x00000000e6a00000| Untracked 
| 107|0x00000000e6b00000, 0x00000000e6b00000, 0x00000000e6c00000|  0%| F|  |TAMS 0x00000000e6b00000, 0x00000000e6b00000| Untracked 
| 108|0x00000000e6c00000, 0x00000000e6c00000, 0x00000000e6d00000|  0%| F|  |TAMS 0x00000000e6c00000, 0x00000000e6c00000| Untracked 
| 109|0x00000000e6d00000, 0x00000000e6d00000, 0x00000000e6e00000|  0%| F|  |TAMS 0x00000000e6d00000, 0x00000000e6d00000| Untracked 
| 110|0x00000000e6e00000, 0x00000000e6e00000, 0x00000000e6f00000|  0%| F|  |TAMS 0x00000000e6e00000, 0x00000000e6e00000| Untracked 
| 111|0x00000000e6f00000, 0x00000000e6f00000, 0x00000000e7000000|  0%| F|  |TAMS 0x00000000e6f00000, 0x00000000e6f00000| Untracked 
| 112|0x00000000e7000000, 0x00000000e7000000, 0x00000000e7100000|  0%| F|  |TAMS 0x00000000e7000000, 0x00000000e7000000| Untracked 
| 113|0x00000000e7100000, 0x00000000e7100000, 0x00000000e7200000|  0%| F|  |TAMS 0x00000000e7100000, 0x00000000e7100000| Untracked 
| 114|0x00000000e7200000, 0x00000000e7200000, 0x00000000e7300000|  0%| F|  |TAMS 0x00000000e7200000, 0x00000000e7200000| Untracked 
| 115|0x00000000e7300000, 0x00000000e7300000, 0x00000000e7400000|  0%| F|  |TAMS 0x00000000e7300000, 0x00000000e7300000| Untracked 
| 116|0x00000000e7400000, 0x00000000e7400000, 0x00000000e7500000|  0%| F|  |TAMS 0x00000000e7400000, 0x00000000e7400000| Untracked 
| 117|0x00000000e7500000, 0x00000000e7500000, 0x00000000e7600000|  0%| F|  |TAMS 0x00000000e7500000, 0x00000000e7500000| Untracked 
| 118|0x00000000e7600000, 0x00000000e7600000, 0x00000000e7700000|  0%| F|  |TAMS 0x00000000e7600000, 0x00000000e7600000| Untracked 
| 119|0x00000000e7700000, 0x00000000e7700000, 0x00000000e7800000|  0%| F|  |TAMS 0x00000000e7700000, 0x00000000e7700000| Untracked 
| 120|0x00000000e7800000, 0x00000000e7800000, 0x00000000e7900000|  0%| F|  |TAMS 0x00000000e7800000, 0x00000000e7800000| Untracked 
| 121|0x00000000e7900000, 0x00000000e7900000, 0x00000000e7a00000|  0%| F|  |TAMS 0x00000000e7900000, 0x00000000e7900000| Untracked 
| 122|0x00000000e7a00000, 0x00000000e7a00000, 0x00000000e7b00000|  0%| F|  |TAMS 0x00000000e7a00000, 0x00000000e7a00000| Untracked 
| 123|0x00000000e7b00000, 0x00000000e7b00000, 0x00000000e7c00000|  0%| F|  |TAMS 0x00000000e7b00000, 0x00000000e7b00000| Untracked 
| 124|0x00000000e7c00000, 0x00000000e7c00000, 0x00000000e7d00000|  0%| F|  |TAMS 0x00000000e7c00000, 0x00000000e7c00000| Untracked 
| 125|0x00000000e7d00000, 0x00000000e7d00000, 0x00000000e7e00000|  0%| F|  |TAMS 0x00000000e7d00000, 0x00000000e7d00000| Untracked 
| 126|0x00000000e7e00000, 0x00000000e7e00000, 0x00000000e7f00000|  0%| F|  |TAMS 0x00000000e7e00000, 0x00000000e7e00000| Untracked 
| 127|0x00000000e7f00000, 0x00000000e7f00000, 0x00000000e8000000|  0%| F|  |TAMS 0x00000000e7f00000, 0x00000000e7f00000| Untracked 
| 128|0x00000000e8000000, 0x00000000e8000000, 0x00000000e8100000|  0%| F|  |TAMS 0x00000000e8000000, 0x00000000e8000000| Untracked 
| 129|0x00000000e8100000, 0x00000000e8100000, 0x00000000e8200000|  0%| F|  |TAMS 0x00000000e8100000, 0x00000000e8100000| Untracked 
| 130|0x00000000e8200000, 0x00000000e8200000, 0x00000000e8300000|  0%| F|  |TAMS 0x00000000e8200000, 0x00000000e8200000| Untracked 
| 131|0x00000000e8300000, 0x00000000e8300000, 0x00000000e8400000|  0%| F|  |TAMS 0x00000000e8300000, 0x00000000e8300000| Untracked 
| 132|0x00000000e8400000, 0x00000000e8400000, 0x00000000e8500000|  0%| F|  |TAMS 0x00000000e8400000, 0x00000000e8400000| Untracked 
| 133|0x00000000e8500000, 0x00000000e8500000, 0x00000000e8600000|  0%| F|  |TAMS 0x00000000e8500000, 0x00000000e8500000| Untracked 
| 134|0x00000000e8600000, 0x00000000e8600000, 0x00000000e8700000|  0%| F|  |TAMS 0x00000000e8600000, 0x00000000e8600000| Untracked 
| 135|0x00000000e8700000, 0x00000000e8800000, 0x00000000e8800000|100%| S|CS|TAMS 0x00000000e8700000, 0x00000000e8700000| Complete 
| 136|0x00000000e8800000, 0x00000000e8900000, 0x00000000e8900000|100%| S|CS|TAMS 0x00000000e8800000, 0x00000000e8800000| Complete 
| 137|0x00000000e8900000, 0x00000000e8a00000, 0x00000000e8a00000|100%| S|CS|TAMS 0x00000000e8900000, 0x00000000e8900000| Complete 
| 138|0x00000000e8a00000, 0x00000000e8b00000, 0x00000000e8b00000|100%| S|CS|TAMS 0x00000000e8a00000, 0x00000000e8a00000| Complete 
| 139|0x00000000e8b00000, 0x00000000e8c00000, 0x00000000e8c00000|100%| S|CS|TAMS 0x00000000e8b00000, 0x00000000e8b00000| Complete 
| 140|0x00000000e8c00000, 0x00000000e8d00000, 0x00000000e8d00000|100%| S|CS|TAMS 0x00000000e8c00000, 0x00000000e8c00000| Complete 
| 141|0x00000000e8d00000, 0x00000000e8e00000, 0x00000000e8e00000|100%| S|CS|TAMS 0x00000000e8d00000, 0x00000000e8d00000| Complete 
| 142|0x00000000e8e00000, 0x00000000e8f00000, 0x00000000e8f00000|100%| S|CS|TAMS 0x00000000e8e00000, 0x00000000e8e00000| Complete 
| 143|0x00000000e8f00000, 0x00000000e9000000, 0x00000000e9000000|100%| S|CS|TAMS 0x00000000e8f00000, 0x00000000e8f00000| Complete 
| 144|0x00000000e9000000, 0x00000000e9100000, 0x00000000e9100000|100%| S|CS|TAMS 0x00000000e9000000, 0x00000000e9000000| Complete 
| 145|0x00000000e9100000, 0x00000000e9100000, 0x00000000e9200000|  0%| F|  |TAMS 0x00000000e9100000, 0x00000000e9100000| Untracked 
| 146|0x00000000e9200000, 0x00000000e9200000, 0x00000000e9300000|  0%| F|  |TAMS 0x00000000e9200000, 0x00000000e9200000| Untracked 
| 147|0x00000000e9300000, 0x00000000e9300000, 0x00000000e9400000|  0%| F|  |TAMS 0x00000000e9300000, 0x00000000e9300000| Untracked 
| 148|0x00000000e9400000, 0x00000000e9400000, 0x00000000e9500000|  0%| F|  |TAMS 0x00000000e9400000, 0x00000000e9400000| Untracked 
| 149|0x00000000e9500000, 0x00000000e9500000, 0x00000000e9600000|  0%| F|  |TAMS 0x00000000e9500000, 0x00000000e9500000| Untracked 
| 150|0x00000000e9600000, 0x00000000e9600000, 0x00000000e9700000|  0%| F|  |TAMS 0x00000000e9600000, 0x00000000e9600000| Untracked 
| 151|0x00000000e9700000, 0x00000000e9700000, 0x00000000e9800000|  0%| F|  |TAMS 0x00000000e9700000, 0x00000000e9700000| Untracked 
| 152|0x00000000e9800000, 0x00000000e9800000, 0x00000000e9900000|  0%| F|  |TAMS 0x00000000e9800000, 0x00000000e9800000| Untracked 
| 153|0x00000000e9900000, 0x00000000e9900000, 0x00000000e9a00000|  0%| F|  |TAMS 0x00000000e9900000, 0x00000000e9900000| Untracked 
| 154|0x00000000e9a00000, 0x00000000e9a00000, 0x00000000e9b00000|  0%| F|  |TAMS 0x00000000e9a00000, 0x00000000e9a00000| Untracked 
| 155|0x00000000e9b00000, 0x00000000e9b00000, 0x00000000e9c00000|  0%| F|  |TAMS 0x00000000e9b00000, 0x00000000e9b00000| Untracked 
| 156|0x00000000e9c00000, 0x00000000e9c00000, 0x00000000e9d00000|  0%| F|  |TAMS 0x00000000e9c00000, 0x00000000e9c00000| Untracked 
| 157|0x00000000e9d00000, 0x00000000e9d00000, 0x00000000e9e00000|  0%| F|  |TAMS 0x00000000e9d00000, 0x00000000e9d00000| Untracked 
| 158|0x00000000e9e00000, 0x00000000e9e00000, 0x00000000e9f00000|  0%| F|  |TAMS 0x00000000e9e00000, 0x00000000e9e00000| Untracked 
| 159|0x00000000e9f00000, 0x00000000e9fa2420, 0x00000000ea000000| 63%| E|  |TAMS 0x00000000e9f00000, 0x00000000e9f00000| Complete 
| 160|0x00000000ea000000, 0x00000000ea100000, 0x00000000ea100000|100%| E|CS|TAMS 0x00000000ea000000, 0x00000000ea000000| Complete 
| 161|0x00000000ea100000, 0x00000000ea200000, 0x00000000ea200000|100%| E|CS|TAMS 0x00000000ea100000, 0x00000000ea100000| Complete 
| 162|0x00000000ea200000, 0x00000000ea300000, 0x00000000ea300000|100%| E|CS|TAMS 0x00000000ea200000, 0x00000000ea200000| Complete 
| 163|0x00000000ea300000, 0x00000000ea400000, 0x00000000ea400000|100%| E|CS|TAMS 0x00000000ea300000, 0x00000000ea300000| Complete 
| 164|0x00000000ea400000, 0x00000000ea500000, 0x00000000ea500000|100%| E|CS|TAMS 0x00000000ea400000, 0x00000000ea400000| Complete 
| 165|0x00000000ea500000, 0x00000000ea600000, 0x00000000ea600000|100%| E|CS|TAMS 0x00000000ea500000, 0x00000000ea500000| Complete 
| 166|0x00000000ea600000, 0x00000000ea700000, 0x00000000ea700000|100%| E|CS|TAMS 0x00000000ea600000, 0x00000000ea600000| Complete 
| 167|0x00000000ea700000, 0x00000000ea800000, 0x00000000ea800000|100%| E|CS|TAMS 0x00000000ea700000, 0x00000000ea700000| Complete 
| 168|0x00000000ea800000, 0x00000000ea900000, 0x00000000ea900000|100%| E|CS|TAMS 0x00000000ea800000, 0x00000000ea800000| Complete 
| 169|0x00000000ea900000, 0x00000000eaa00000, 0x00000000eaa00000|100%| E|CS|TAMS 0x00000000ea900000, 0x00000000ea900000| Complete 
| 170|0x00000000eaa00000, 0x00000000eab00000, 0x00000000eab00000|100%| E|CS|TAMS 0x00000000eaa00000, 0x00000000eaa00000| Complete 
| 171|0x00000000eab00000, 0x00000000eac00000, 0x00000000eac00000|100%| E|CS|TAMS 0x00000000eab00000, 0x00000000eab00000| Complete 
| 172|0x00000000eac00000, 0x00000000ead00000, 0x00000000ead00000|100%| E|CS|TAMS 0x00000000eac00000, 0x00000000eac00000| Complete 
| 173|0x00000000ead00000, 0x00000000eae00000, 0x00000000eae00000|100%| E|CS|TAMS 0x00000000ead00000, 0x00000000ead00000| Complete 
| 174|0x00000000eae00000, 0x00000000eaf00000, 0x00000000eaf00000|100%| E|CS|TAMS 0x00000000eae00000, 0x00000000eae00000| Complete 
| 175|0x00000000eaf00000, 0x00000000eb000000, 0x00000000eb000000|100%| E|CS|TAMS 0x00000000eaf00000, 0x00000000eaf00000| Complete 
| 176|0x00000000eb000000, 0x00000000eb100000, 0x00000000eb100000|100%| E|CS|TAMS 0x00000000eb000000, 0x00000000eb000000| Complete 
| 177|0x00000000eb100000, 0x00000000eb200000, 0x00000000eb200000|100%| E|CS|TAMS 0x00000000eb100000, 0x00000000eb100000| Complete 
| 178|0x00000000eb200000, 0x00000000eb300000, 0x00000000eb300000|100%| E|CS|TAMS 0x00000000eb200000, 0x00000000eb200000| Complete 
| 179|0x00000000eb300000, 0x00000000eb400000, 0x00000000eb400000|100%| E|CS|TAMS 0x00000000eb300000, 0x00000000eb300000| Complete 
| 180|0x00000000eb400000, 0x00000000eb500000, 0x00000000eb500000|100%| E|CS|TAMS 0x00000000eb400000, 0x00000000eb400000| Complete 
| 181|0x00000000eb500000, 0x00000000eb600000, 0x00000000eb600000|100%| E|CS|TAMS 0x00000000eb500000, 0x00000000eb500000| Complete 
| 182|0x00000000eb600000, 0x00000000eb700000, 0x00000000eb700000|100%| E|CS|TAMS 0x00000000eb600000, 0x00000000eb600000| Complete 
| 183|0x00000000eb700000, 0x00000000eb800000, 0x00000000eb800000|100%| E|CS|TAMS 0x00000000eb700000, 0x00000000eb700000| Complete 
| 184|0x00000000eb800000, 0x00000000eb900000, 0x00000000eb900000|100%| E|CS|TAMS 0x00000000eb800000, 0x00000000eb800000| Complete 
| 185|0x00000000eb900000, 0x00000000eba00000, 0x00000000eba00000|100%| E|CS|TAMS 0x00000000eb900000, 0x00000000eb900000| Complete 
| 186|0x00000000eba00000, 0x00000000ebb00000, 0x00000000ebb00000|100%| E|CS|TAMS 0x00000000eba00000, 0x00000000eba00000| Complete 
| 187|0x00000000ebb00000, 0x00000000ebc00000, 0x00000000ebc00000|100%| E|CS|TAMS 0x00000000ebb00000, 0x00000000ebb00000| Complete 
| 188|0x00000000ebc00000, 0x00000000ebd00000, 0x00000000ebd00000|100%| E|CS|TAMS 0x00000000ebc00000, 0x00000000ebc00000| Complete 
| 189|0x00000000ebd00000, 0x00000000ebe00000, 0x00000000ebe00000|100%| E|CS|TAMS 0x00000000ebd00000, 0x00000000ebd00000| Complete 
| 190|0x00000000ebe00000, 0x00000000ebf00000, 0x00000000ebf00000|100%| E|CS|TAMS 0x00000000ebe00000, 0x00000000ebe00000| Complete 
| 191|0x00000000ebf00000, 0x00000000ec000000, 0x00000000ec000000|100%| E|CS|TAMS 0x00000000ebf00000, 0x00000000ebf00000| Complete 
| 192|0x00000000ec000000, 0x00000000ec100000, 0x00000000ec100000|100%| E|CS|TAMS 0x00000000ec000000, 0x00000000ec000000| Complete 
| 193|0x00000000ec100000, 0x00000000ec200000, 0x00000000ec200000|100%| E|CS|TAMS 0x00000000ec100000, 0x00000000ec100000| Complete 
| 194|0x00000000ec200000, 0x00000000ec300000, 0x00000000ec300000|100%| E|CS|TAMS 0x00000000ec200000, 0x00000000ec200000| Complete 
| 195|0x00000000ec300000, 0x00000000ec400000, 0x00000000ec400000|100%| E|CS|TAMS 0x00000000ec300000, 0x00000000ec300000| Complete 
| 196|0x00000000ec400000, 0x00000000ec500000, 0x00000000ec500000|100%| E|CS|TAMS 0x00000000ec400000, 0x00000000ec400000| Complete 
| 197|0x00000000ec500000, 0x00000000ec600000, 0x00000000ec600000|100%| E|CS|TAMS 0x00000000ec500000, 0x00000000ec500000| Complete 
| 198|0x00000000ec600000, 0x00000000ec700000, 0x00000000ec700000|100%| E|CS|TAMS 0x00000000ec600000, 0x00000000ec600000| Complete 
| 199|0x00000000ec700000, 0x00000000ec800000, 0x00000000ec800000|100%| E|CS|TAMS 0x00000000ec700000, 0x00000000ec700000| Complete 
| 200|0x00000000ec800000, 0x00000000ec900000, 0x00000000ec900000|100%| E|CS|TAMS 0x00000000ec800000, 0x00000000ec800000| Complete 
| 201|0x00000000ec900000, 0x00000000eca00000, 0x00000000eca00000|100%| E|CS|TAMS 0x00000000ec900000, 0x00000000ec900000| Complete 
| 202|0x00000000eca00000, 0x00000000ecb00000, 0x00000000ecb00000|100%| E|CS|TAMS 0x00000000eca00000, 0x00000000eca00000| Complete 
| 203|0x00000000ecb00000, 0x00000000ecc00000, 0x00000000ecc00000|100%| E|CS|TAMS 0x00000000ecb00000, 0x00000000ecb00000| Complete 
| 204|0x00000000ecc00000, 0x00000000ecd00000, 0x00000000ecd00000|100%| E|CS|TAMS 0x00000000ecc00000, 0x00000000ecc00000| Complete 
| 205|0x00000000ecd00000, 0x00000000ece00000, 0x00000000ece00000|100%| E|CS|TAMS 0x00000000ecd00000, 0x00000000ecd00000| Complete 
| 206|0x00000000ece00000, 0x00000000ecf00000, 0x00000000ecf00000|100%| E|CS|TAMS 0x00000000ece00000, 0x00000000ece00000| Complete 
| 207|0x00000000ecf00000, 0x00000000ed000000, 0x00000000ed000000|100%| E|CS|TAMS 0x00000000ecf00000, 0x00000000ecf00000| Complete 
| 208|0x00000000ed000000, 0x00000000ed100000, 0x00000000ed100000|100%| E|CS|TAMS 0x00000000ed000000, 0x00000000ed000000| Complete 
| 209|0x00000000ed100000, 0x00000000ed200000, 0x00000000ed200000|100%| E|CS|TAMS 0x00000000ed100000, 0x00000000ed100000| Complete 
| 210|0x00000000ed200000, 0x00000000ed300000, 0x00000000ed300000|100%| E|CS|TAMS 0x00000000ed200000, 0x00000000ed200000| Complete 
| 211|0x00000000ed300000, 0x00000000ed400000, 0x00000000ed400000|100%| E|CS|TAMS 0x00000000ed300000, 0x00000000ed300000| Complete 
| 212|0x00000000ed400000, 0x00000000ed500000, 0x00000000ed500000|100%| E|  |TAMS 0x00000000ed400000, 0x00000000ed400000| Complete 
| 213|0x00000000ed500000, 0x00000000ed600000, 0x00000000ed600000|100%| E|CS|TAMS 0x00000000ed500000, 0x00000000ed500000| Complete 
| 214|0x00000000ed600000, 0x00000000ed700000, 0x00000000ed700000|100%| E|CS|TAMS 0x00000000ed600000, 0x00000000ed600000| Complete 
| 215|0x00000000ed700000, 0x00000000ed800000, 0x00000000ed800000|100%| E|CS|TAMS 0x00000000ed700000, 0x00000000ed700000| Complete 
| 216|0x00000000ed800000, 0x00000000ed900000, 0x00000000ed900000|100%| E|CS|TAMS 0x00000000ed800000, 0x00000000ed800000| Complete 
| 217|0x00000000ed900000, 0x00000000eda00000, 0x00000000eda00000|100%| E|CS|TAMS 0x00000000ed900000, 0x00000000ed900000| Complete 
| 218|0x00000000eda00000, 0x00000000edb00000, 0x00000000edb00000|100%| E|CS|TAMS 0x00000000eda00000, 0x00000000eda00000| Complete 
| 219|0x00000000edb00000, 0x00000000edc00000, 0x00000000edc00000|100%| E|CS|TAMS 0x00000000edb00000, 0x00000000edb00000| Complete 
| 220|0x00000000edc00000, 0x00000000edd00000, 0x00000000edd00000|100%| E|CS|TAMS 0x00000000edc00000, 0x00000000edc00000| Complete 
| 221|0x00000000edd00000, 0x00000000ede00000, 0x00000000ede00000|100%| E|CS|TAMS 0x00000000edd00000, 0x00000000edd00000| Complete 
| 222|0x00000000ede00000, 0x00000000edf00000, 0x00000000edf00000|100%| E|CS|TAMS 0x00000000ede00000, 0x00000000ede00000| Complete 
| 223|0x00000000edf00000, 0x00000000ee000000, 0x00000000ee000000|100%| E|CS|TAMS 0x00000000edf00000, 0x00000000edf00000| Complete 
| 224|0x00000000ee000000, 0x00000000ee100000, 0x00000000ee100000|100%| E|CS|TAMS 0x00000000ee000000, 0x00000000ee000000| Complete 
| 225|0x00000000ee100000, 0x00000000ee200000, 0x00000000ee200000|100%| E|CS|TAMS 0x00000000ee100000, 0x00000000ee100000| Complete 
| 226|0x00000000ee200000, 0x00000000ee300000, 0x00000000ee300000|100%| E|CS|TAMS 0x00000000ee200000, 0x00000000ee200000| Complete 
| 227|0x00000000ee300000, 0x00000000ee400000, 0x00000000ee400000|100%| E|CS|TAMS 0x00000000ee300000, 0x00000000ee300000| Complete 
| 228|0x00000000ee400000, 0x00000000ee500000, 0x00000000ee500000|100%| E|CS|TAMS 0x00000000ee400000, 0x00000000ee400000| Complete 
| 229|0x00000000ee500000, 0x00000000ee600000, 0x00000000ee600000|100%| E|CS|TAMS 0x00000000ee500000, 0x00000000ee500000| Complete 
| 230|0x00000000ee600000, 0x00000000ee700000, 0x00000000ee700000|100%| E|CS|TAMS 0x00000000ee600000, 0x00000000ee600000| Complete 
| 231|0x00000000ee700000, 0x00000000ee800000, 0x00000000ee800000|100%| E|CS|TAMS 0x00000000ee700000, 0x00000000ee700000| Complete 
| 232|0x00000000ee800000, 0x00000000ee900000, 0x00000000ee900000|100%| E|CS|TAMS 0x00000000ee800000, 0x00000000ee800000| Complete 
| 233|0x00000000ee900000, 0x00000000eea00000, 0x00000000eea00000|100%| E|CS|TAMS 0x00000000ee900000, 0x00000000ee900000| Complete 
| 234|0x00000000eea00000, 0x00000000eeb00000, 0x00000000eeb00000|100%| E|CS|TAMS 0x00000000eea00000, 0x00000000eea00000| Complete 
| 235|0x00000000eeb00000, 0x00000000eec00000, 0x00000000eec00000|100%| E|CS|TAMS 0x00000000eeb00000, 0x00000000eeb00000| Complete 
| 236|0x00000000eec00000, 0x00000000eed00000, 0x00000000eed00000|100%| E|CS|TAMS 0x00000000eec00000, 0x00000000eec00000| Complete 
| 237|0x00000000eed00000, 0x00000000eee00000, 0x00000000eee00000|100%| E|CS|TAMS 0x00000000eed00000, 0x00000000eed00000| Complete 
| 238|0x00000000eee00000, 0x00000000eef00000, 0x00000000eef00000|100%| E|CS|TAMS 0x00000000eee00000, 0x00000000eee00000| Complete 
| 239|0x00000000eef00000, 0x00000000ef000000, 0x00000000ef000000|100%| E|CS|TAMS 0x00000000eef00000, 0x00000000eef00000| Complete 
| 240|0x00000000ef000000, 0x00000000ef100000, 0x00000000ef100000|100%| E|CS|TAMS 0x00000000ef000000, 0x00000000ef000000| Complete 
| 241|0x00000000ef100000, 0x00000000ef200000, 0x00000000ef200000|100%| E|CS|TAMS 0x00000000ef100000, 0x00000000ef100000| Complete 
| 242|0x00000000ef200000, 0x00000000ef300000, 0x00000000ef300000|100%| E|CS|TAMS 0x00000000ef200000, 0x00000000ef200000| Complete 
| 243|0x00000000ef300000, 0x00000000ef400000, 0x00000000ef400000|100%| E|CS|TAMS 0x00000000ef300000, 0x00000000ef300000| Complete 
| 244|0x00000000ef400000, 0x00000000ef500000, 0x00000000ef500000|100%| E|CS|TAMS 0x00000000ef400000, 0x00000000ef400000| Complete 
| 245|0x00000000ef500000, 0x00000000ef600000, 0x00000000ef600000|100%| E|CS|TAMS 0x00000000ef500000, 0x00000000ef500000| Complete 
| 246|0x00000000ef600000, 0x00000000ef700000, 0x00000000ef700000|100%| E|CS|TAMS 0x00000000ef600000, 0x00000000ef600000| Complete 
| 247|0x00000000ef700000, 0x00000000ef800000, 0x00000000ef800000|100%| E|CS|TAMS 0x00000000ef700000, 0x00000000ef700000| Complete 
| 248|0x00000000ef800000, 0x00000000ef900000, 0x00000000ef900000|100%| E|CS|TAMS 0x00000000ef800000, 0x00000000ef800000| Complete 
| 249|0x00000000ef900000, 0x00000000efa00000, 0x00000000efa00000|100%| E|CS|TAMS 0x00000000ef900000, 0x00000000ef900000| Complete 
| 250|0x00000000efa00000, 0x00000000efb00000, 0x00000000efb00000|100%| E|CS|TAMS 0x00000000efa00000, 0x00000000efa00000| Complete 
| 251|0x00000000efb00000, 0x00000000efc00000, 0x00000000efc00000|100%| E|CS|TAMS 0x00000000efb00000, 0x00000000efb00000| Complete 
| 252|0x00000000efc00000, 0x00000000efd00000, 0x00000000efd00000|100%| E|CS|TAMS 0x00000000efc00000, 0x00000000efc00000| Complete 
| 253|0x00000000efd00000, 0x00000000efe00000, 0x00000000efe00000|100%| E|CS|TAMS 0x00000000efd00000, 0x00000000efd00000| Complete 
| 254|0x00000000efe00000, 0x00000000eff00000, 0x00000000eff00000|100%| E|CS|TAMS 0x00000000efe00000, 0x00000000efe00000| Complete 
| 255|0x00000000eff00000, 0x00000000f0000000, 0x00000000f0000000|100%| E|CS|TAMS 0x00000000eff00000, 0x00000000eff00000| Complete 

Card table byte_map: [0x0000014f21d50000,0x0000014f21e50000] _byte_map_base: 0x0000014f21650000

Marking Bits (Prev, Next): (CMBitMap*) 0x0000014f086d6c70, (CMBitMap*) 0x0000014f086d6c38
 Prev Bits: [0x0000014f22750000, 0x0000014f22f50000)
 Next Bits: [0x0000014f21f50000, 0x0000014f22750000)

Polling page: 0x0000014f08790000

Metaspace:

Usage:
  Non-class:     72.52 MB capacity,    70.68 MB ( 97%) used,     1.57 MB (  2%) free+waste,   277.94 KB ( <1%) overhead. 
      Class:     11.55 MB capacity,    10.49 MB ( 91%) used,   950.02 KB (  8%) free+waste,   134.38 KB (  1%) overhead. 
       Both:     84.07 MB capacity,    81.17 MB ( 97%) used,     2.50 MB (  3%) free+waste,   412.31 KB ( <1%) overhead. 

Virtual space:
  Non-class space:       74.00 MB reserved,      72.61 MB ( 98%) committed 
      Class space:      248.00 MB reserved,      11.67 MB (  5%) committed 
             Both:      322.00 MB reserved,      84.29 MB ( 26%) committed 

Chunk freelists:
   Non-Class:  32.00 KB
       Class:  0 bytes
        Both:  32.00 KB

MaxMetaspaceSize: 256.00 MB
CompressedClassSpaceSize: 248.00 MB
Initial GC threshold: 20.80 MB
Current GC threshold: 99.02 MB
CDS: off

CodeHeap 'non-profiled nmethods': size=120064Kb used=8988Kb max_used=8988Kb free=111075Kb
 bounds [0x0000014f1a0f0000, 0x0000014f1a9c0000, 0x0000014f21630000]
CodeHeap 'profiled nmethods': size=120000Kb used=23449Kb max_used=23449Kb free=96550Kb
 bounds [0x0000014f12bc0000, 0x0000014f142b0000, 0x0000014f1a0f0000]
CodeHeap 'non-nmethods': size=5696Kb used=2385Kb max_used=2427Kb free=3311Kb
 bounds [0x0000014f12630000, 0x0000014f128a0000, 0x0000014f12bc0000]
 total_blobs=10810 nmethods=9905 adapters=816
 compilation: enabled
              stopped_count=0, restarted_count=0
 full_count=0

Compilation events (20 events):
Event: 170.847 Thread 0x0000014f255a6000 nmethod 10063 0x0000014f1429eb90 code [0x0000014f1429ed40, 0x0000014f1429ef08]
Event: 170.847 Thread 0x0000014f255a6000 10064       3       org.gradle.api.internal.provider.ValueSupplier$Present::get (9 bytes)
Event: 170.848 Thread 0x0000014f255a6000 nmethod 10064 0x0000014f1429f010 code [0x0000014f1429f1e0, 0x0000014f1429f448]
Event: 170.848 Thread 0x0000014f255a6000 10065       3       org.gradle.api.internal.provider.ValueSupplier$Present::runSideEffect (21 bytes)
Event: 170.848 Thread 0x0000014f255a6000 nmethod 10065 0x0000014f1429f590 code [0x0000014f1429f740, 0x0000014f1429f948]
Event: 170.848 Thread 0x0000014f255a6000 10066       3       org.gradle.api.internal.file.AbstractFileCollection::<init> (10 bytes)
Event: 170.848 Thread 0x0000014f255a6000 nmethod 10066 0x0000014f1429fa10 code [0x0000014f1429fbc0, 0x0000014f1429fd78]
Event: 170.848 Thread 0x0000014f255a6000 10067       1       org.gradle.internal.component.local.model.DefaultLocalComponentMetadata$DefaultLocalConfigurationMetadata::getName (5 bytes)
Event: 170.848 Thread 0x0000014f255a6000 nmethod 10067 0x0000014f1a9b5890 code [0x0000014f1a9b5a40, 0x0000014f1a9b5af8]
Event: 170.848 Thread 0x0000014f255a6000 10068       1       org.gradle.api.internal.artifacts.ivyservice.resolveengine.graph.builder.EdgeState::getSelector (5 bytes)
Event: 170.849 Thread 0x0000014f255a6000 nmethod 10068 0x0000014f1a9b5b90 code [0x0000014f1a9b5d40, 0x0000014f1a9b5df8]
Event: 170.859 Thread 0x0000014f26d3e800 nmethod 10061 0x0000014f1a9b5e90 code [0x0000014f1a9b6060, 0x0000014f1a9b69f8]
Event: 170.890 Thread 0x0000014f255a6000 10069   !   3       java.net.URI$Parser::parseAuthority (316 bytes)
Event: 170.891 Thread 0x0000014f255a6000 nmethod 10069 0x0000014f1429fe10 code [0x0000014f142a0140, 0x0000014f142a1238]
Event: 170.891 Thread 0x0000014f255a6000 10070   !   3       java.net.URI$Parser::parseServer (384 bytes)
Event: 170.893 Thread 0x0000014f255a6000 nmethod 10070 0x0000014f142a1a90 code [0x0000014f142a2000, 0x0000014f142a47d8]
Event: 170.893 Thread 0x0000014f255a6000 10071   !   3       java.net.URI$Parser::parseIPv4Address (67 bytes)
Event: 170.894 Thread 0x0000014f255a6000 nmethod 10071 0x0000014f142a5890 code [0x0000014f142a5ae0, 0x0000014f142a6378]
Event: 170.894 Thread 0x0000014f255a6000 10072       1       org.apache.http.conn.routing.HttpRoute::getTargetHost (5 bytes)
Event: 170.894 Thread 0x0000014f255a6000 nmethod 10072 0x0000014f1a9b6d90 code [0x0000014f1a9b6f40, 0x0000014f1a9b6ff8]

GC Heap History (20 events):
Event: 37.308 GC heap before
{Heap before GC invocations=24 (full 0):
 garbage-first heap   total 262144K, used 212692K [0x00000000e0000000, 0x0000000100000000)
  region size 1024K, 153 young (156672K), 12 survivors (12288K)
 Metaspace       used 51366K, capacity 52699K, committed 52860K, reserved 301056K
  class space    used 6530K, capacity 7028K, committed 7088K, reserved 253952K
}
Event: 37.316 GC heap after
{Heap after GC invocations=25 (full 0):
 garbage-first heap   total 262144K, used 69723K [0x00000000e0000000, 0x0000000100000000)
  region size 1024K, 12 young (12288K), 12 survivors (12288K)
 Metaspace       used 51366K, capacity 52699K, committed 52860K, reserved 301056K
  class space    used 6530K, capacity 7028K, committed 7088K, reserved 253952K
}
Event: 37.975 GC heap before
{Heap before GC invocations=25 (full 0):
 garbage-first heap   total 262144K, used 217179K [0x00000000e0000000, 0x0000000100000000)
  region size 1024K, 153 young (156672K), 12 survivors (12288K)
 Metaspace       used 51367K, capacity 52699K, committed 52860K, reserved 301056K
  class space    used 6530K, capacity 7028K, committed 7088K, reserved 253952K
}
Event: 37.980 GC heap after
{Heap after GC invocations=26 (full 0):
 garbage-first heap   total 262144K, used 62664K [0x00000000e0000000, 0x0000000100000000)
  region size 1024K, 8 young (8192K), 8 survivors (8192K)
 Metaspace       used 51367K, capacity 52699K, committed 52860K, reserved 301056K
  class space    used 6530K, capacity 7028K, committed 7088K, reserved 253952K
}
Event: 38.641 GC heap before
{Heap before GC invocations=26 (full 0):
 garbage-first heap   total 262144K, used 211144K [0x00000000e0000000, 0x0000000100000000)
  region size 1024K, 153 young (156672K), 8 survivors (8192K)
 Metaspace       used 51367K, capacity 52699K, committed 52860K, reserved 301056K
  class space    used 6530K, capacity 7028K, committed 7088K, reserved 253952K
}
Event: 38.646 GC heap after
{Heap after GC invocations=27 (full 0):
 garbage-first heap   total 262144K, used 63561K [0x00000000e0000000, 0x0000000100000000)
  region size 1024K, 9 young (9216K), 9 survivors (9216K)
 Metaspace       used 51367K, capacity 52699K, committed 52860K, reserved 301056K
  class space    used 6530K, capacity 7028K, committed 7088K, reserved 253952K
}
Event: 42.206 GC heap before
{Heap before GC invocations=27 (full 0):
 garbage-first heap   total 262144K, used 218185K [0x00000000e0000000, 0x0000000100000000)
  region size 1024K, 153 young (156672K), 9 survivors (9216K)
 Metaspace       used 51568K, capacity 52967K, committed 53116K, reserved 301056K
  class space    used 6555K, capacity 7073K, committed 7088K, reserved 253952K
}
Event: 42.210 GC heap after
{Heap after GC invocations=28 (full 0):
 garbage-first heap   total 262144K, used 59459K [0x00000000e0000000, 0x0000000100000000)
  region size 1024K, 4 young (4096K), 4 survivors (4096K)
 Metaspace       used 51568K, capacity 52967K, committed 53116K, reserved 301056K
  class space    used 6555K, capacity 7073K, committed 7088K, reserved 253952K
}
Event: 42.555 GC heap before
{Heap before GC invocations=28 (full 0):
 garbage-first heap   total 262144K, used 212035K [0x00000000e0000000, 0x0000000100000000)
  region size 1024K, 153 young (156672K), 4 survivors (4096K)
 Metaspace       used 51569K, capacity 52967K, committed 53116K, reserved 301056K
  class space    used 6555K, capacity 7073K, committed 7088K, reserved 253952K
}
Event: 42.558 GC heap after
{Heap after GC invocations=29 (full 0):
 garbage-first heap   total 262144K, used 62335K [0x00000000e0000000, 0x0000000100000000)
  region size 1024K, 7 young (7168K), 7 survivors (7168K)
 Metaspace       used 51569K, capacity 52967K, committed 53116K, reserved 301056K
  class space    used 6555K, capacity 7073K, committed 7088K, reserved 253952K
}
Event: 43.227 GC heap before
{Heap before GC invocations=29 (full 0):
 garbage-first heap   total 262144K, used 214911K [0x00000000e0000000, 0x0000000100000000)
  region size 1024K, 153 young (156672K), 7 survivors (7168K)
 Metaspace       used 51584K, capacity 52971K, committed 53116K, reserved 301056K
  class space    used 6555K, capacity 7073K, committed 7088K, reserved 253952K
}
Event: 43.229 GC heap after
{Heap after GC invocations=30 (full 0):
 garbage-first heap   total 262144K, used 60031K [0x00000000e0000000, 0x0000000100000000)
  region size 1024K, 5 young (5120K), 5 survivors (5120K)
 Metaspace       used 51584K, capacity 52971K, committed 53116K, reserved 301056K
  class space    used 6555K, capacity 7073K, committed 7088K, reserved 253952K
}
Event: 44.256 GC heap before
{Heap before GC invocations=30 (full 0):
 garbage-first heap   total 262144K, used 219775K [0x00000000e0000000, 0x0000000100000000)
  region size 1024K, 153 young (156672K), 5 survivors (5120K)
 Metaspace       used 54251K, capacity 55873K, committed 56060K, reserved 303104K
  class space    used 6770K, capacity 7355K, committed 7472K, reserved 253952K
}
Event: 44.261 GC heap after
{Heap after GC invocations=31 (full 0):
 garbage-first heap   total 262144K, used 64200K [0x00000000e0000000, 0x0000000100000000)
  region size 1024K, 5 young (5120K), 5 survivors (5120K)
 Metaspace       used 54251K, capacity 55873K, committed 56060K, reserved 303104K
  class space    used 6770K, capacity 7355K, committed 7472K, reserved 253952K
}
Event: 45.366 GC heap before
{Heap before GC invocations=31 (full 0):
 garbage-first heap   total 262144K, used 125640K [0x00000000e0000000, 0x0000000100000000)
  region size 1024K, 67 young (68608K), 5 survivors (5120K)
 Metaspace       used 58681K, capacity 60410K, committed 60580K, reserved 307200K
  class space    used 7522K, capacity 8150K, committed 8240K, reserved 253952K
}
Event: 45.376 GC heap after
{Heap after GC invocations=32 (full 0):
 garbage-first heap   total 262144K, used 67088K [0x00000000e0000000, 0x0000000100000000)
  region size 1024K, 8 young (8192K), 8 survivors (8192K)
 Metaspace       used 58681K, capacity 60410K, committed 60580K, reserved 307200K
  class space    used 7522K, capacity 8150K, committed 8240K, reserved 253952K
}
Event: 47.162 GC heap before
{Heap before GC invocations=33 (full 0):
 garbage-first heap   total 262144K, used 200208K [0x00000000e0000000, 0x0000000100000000)
  region size 1024K, 128 young (131072K), 8 survivors (8192K)
 Metaspace       used 66325K, capacity 68537K, committed 68772K, reserved 313344K
  class space    used 8699K, capacity 9497K, committed 9520K, reserved 253952K
}
Event: 47.178 GC heap after
{Heap after GC invocations=34 (full 0):
 garbage-first heap   total 262144K, used 86737K [0x00000000e0000000, 0x0000000100000000)
  region size 1024K, 16 young (16384K), 16 survivors (16384K)
 Metaspace       used 66325K, capacity 68537K, committed 68772K, reserved 313344K
  class space    used 8699K, capacity 9497K, committed 9520K, reserved 253952K
}
Event: 52.959 GC heap before
{Heap before GC invocations=34 (full 0):
 garbage-first heap   total 262144K, used 200401K [0x00000000e0000000, 0x0000000100000000)
  region size 1024K, 127 young (130048K), 16 survivors (16384K)
 Metaspace       used 76608K, capacity 79057K, committed 79140K, reserved 323584K
  class space    used 9968K, capacity 10860K, committed 10928K, reserved 253952K
}
Event: 52.986 GC heap after
{Heap after GC invocations=35 (full 0):
 garbage-first heap   total 262144K, used 96683K [0x00000000e0000000, 0x0000000100000000)
  region size 1024K, 10 young (10240K), 10 survivors (10240K)
 Metaspace       used 76608K, capacity 79057K, committed 79140K, reserved 323584K
  class space    used 9968K, capacity 10860K, committed 10928K, reserved 253952K
}

Deoptimization events (20 events):
Event: 170.731 Thread 0x0000014f280bf800 Uncommon trap: trap_request=0xffffffd6 fr.pc=0x0000014f1a99e980 relative=0x0000000000000340
Event: 170.731 Thread 0x0000014f280bf800 Uncommon trap: reason=array_check action=maybe_recompile pc=0x0000014f1a99e980 method=java.util.AbstractCollection.toArray([Ljava/lang/Object;)[Ljava/lang/Object; @ 116 c2
Event: 170.731 Thread 0x0000014f280bf800 DEOPT PACKING pc=0x0000014f1a99e980 sp=0x00000021d39f4150
Event: 170.731 Thread 0x0000014f280bf800 DEOPT UNPACKING pc=0x0000014f1267a1af sp=0x00000021d39f4100 mode 2
Event: 170.759 Thread 0x0000014f280c0800 Uncommon trap: trap_request=0xffffffde fr.pc=0x0000014f1a21b580 relative=0x0000000000000340
Event: 170.759 Thread 0x0000014f280c0800 Uncommon trap: reason=class_check action=maybe_recompile pc=0x0000014f1a21b580 method=java.util.Collections$SetFromMap.remove(Ljava/lang/Object;)Z @ 5 c2
Event: 170.759 Thread 0x0000014f280c0800 DEOPT PACKING pc=0x0000014f1a21b580 sp=0x00000021d50fdd60
Event: 170.759 Thread 0x0000014f280c0800 DEOPT UNPACKING pc=0x0000014f1267a1af sp=0x00000021d50fdd48 mode 2
Event: 170.764 Thread 0x0000014f280c0800 Uncommon trap: trap_request=0xffffffde fr.pc=0x0000014f1a69ef04 relative=0x00000000000002c4
Event: 170.764 Thread 0x0000014f280c0800 Uncommon trap: reason=class_check action=maybe_recompile pc=0x0000014f1a69ef04 method=java.util.stream.StreamOpFlag.fromCharacteristics(Ljava/util/Spliterator;)I @ 14 c2
Event: 170.764 Thread 0x0000014f280c0800 DEOPT PACKING pc=0x0000014f1a69ef04 sp=0x00000021d50fd620
Event: 170.764 Thread 0x0000014f280c0800 DEOPT UNPACKING pc=0x0000014f1267a1af sp=0x00000021d50fd508 mode 2
Event: 170.777 Thread 0x0000014f280c0800 Uncommon trap: trap_request=0xffffffde fr.pc=0x0000014f1a21b580 relative=0x0000000000000340
Event: 170.777 Thread 0x0000014f280c0800 Uncommon trap: reason=class_check action=maybe_recompile pc=0x0000014f1a21b580 method=java.util.Collections$SetFromMap.remove(Ljava/lang/Object;)Z @ 5 c2
Event: 170.777 Thread 0x0000014f280c0800 DEOPT PACKING pc=0x0000014f1a21b580 sp=0x00000021d50fdd60
Event: 170.777 Thread 0x0000014f280c0800 DEOPT UNPACKING pc=0x0000014f1267a1af sp=0x00000021d50fdd48 mode 2
Event: 170.833 Thread 0x0000014f280bf800 Uncommon trap: trap_request=0xffffffd6 fr.pc=0x0000014f1a99e980 relative=0x0000000000000340
Event: 170.833 Thread 0x0000014f280bf800 Uncommon trap: reason=array_check action=maybe_recompile pc=0x0000014f1a99e980 method=java.util.AbstractCollection.toArray([Ljava/lang/Object;)[Ljava/lang/Object; @ 116 c2
Event: 170.833 Thread 0x0000014f280bf800 DEOPT PACKING pc=0x0000014f1a99e980 sp=0x00000021d39f6f70
Event: 170.833 Thread 0x0000014f280bf800 DEOPT UNPACKING pc=0x0000014f1267a1af sp=0x00000021d39f6f10 mode 2

Classes redefined (0 events):
No events

Internal exceptions (20 events):
Event: 56.056 Thread 0x0000014f28132000 Exception <a 'java/lang/ClassNotFoundException'{0x00000000ec678008}: org/gradle/plugins/ide/idea/IdeaPluginCustomizer> (0x00000000ec678008) thrown at [s\src\hotspot\share\classfile\systemDictionary.cpp, line 230]
Event: 56.060 Thread 0x0000014f28132000 Exception <a 'java/lang/ClassNotFoundException'{0x00000000ec6e7d38}: org/gradle/plugins/ide/idea/model/IdeaModel_DecoratedBeanInfo> (0x00000000ec6e7d38) thrown at [s\src\hotspot\share\classfile\systemDictionary.cpp, line 230]
Event: 56.061 Thread 0x0000014f28132000 Exception <a 'java/lang/ClassNotFoundException'{0x00000000ec516588}: org/gradle/plugins/ide/idea/model/IdeaModelBeanInfo> (0x00000000ec516588) thrown at [s\src\hotspot\share\classfile\systemDictionary.cpp, line 230]
Event: 56.062 Thread 0x0000014f28132000 Exception <a 'java/lang/ClassNotFoundException'{0x00000000ec544aa0}: org/gradle/plugins/ide/idea/model/IdeaModelCustomizer> (0x00000000ec544aa0) thrown at [s\src\hotspot\share\classfile\systemDictionary.cpp, line 230]
Event: 56.063 Thread 0x0000014f28132000 Exception <a 'java/lang/ClassNotFoundException'{0x00000000ec586318}: org/gradle/plugins/ide/idea/model/IdeaModel_DecoratedCustomizer> (0x00000000ec586318) thrown at [s\src\hotspot\share\classfile\systemDictionary.cpp, line 230]
Event: 56.067 Thread 0x0000014f28132000 Exception <a 'java/lang/ClassNotFoundException'{0x00000000ec422300}: org/gradle/plugins/ide/idea/model/IdeaModule_DecoratedBeanInfo> (0x00000000ec422300) thrown at [s\src\hotspot\share\classfile\systemDictionary.cpp, line 230]
Event: 56.068 Thread 0x0000014f28132000 Exception <a 'java/lang/ClassNotFoundException'{0x00000000ec450630}: org/gradle/plugins/ide/idea/model/IdeaModuleBeanInfo> (0x00000000ec450630) thrown at [s\src\hotspot\share\classfile\systemDictionary.cpp, line 230]
Event: 56.069 Thread 0x0000014f28132000 Exception <a 'java/lang/ClassNotFoundException'{0x00000000ec47f098}: org/gradle/plugins/ide/idea/model/IdeaModuleCustomizer> (0x00000000ec47f098) thrown at [s\src\hotspot\share\classfile\systemDictionary.cpp, line 230]
Event: 56.072 Thread 0x0000014f28132000 Exception <a 'java/lang/ClassNotFoundException'{0x00000000ec4fb918}: org/gradle/plugins/ide/idea/model/IdeaModule_DecoratedCustomizer> (0x00000000ec4fb918) thrown at [s\src\hotspot\share\classfile\systemDictionary.cpp, line 230]
Event: 56.253 Thread 0x0000014f28132000 Exception <a 'java/lang/NoSuchMethodError'{0x00000000ebbf68f8}: 'java.lang.Object java.lang.invoke.DirectMethodHandle$Holder.invokeStatic(java.lang.Object, java.lang.Object, java.lang.Object, java.lang.Object, int, java.lang.Object)'> (0x00000000ebbf68f8) thrown at [s\src\hotspot\share\interpreter\linkResolver.cpp, line 773]
Event: 56.253 Thread 0x0000014f28132000 Exception <a 'java/lang/NoSuchMethodError'{0x00000000ebbfa400}: 'java.lang.Object java.lang.invoke.Invokers$Holder.linkToTargetMethod(java.lang.Object, java.lang.Object, java.lang.Object, int, java.lang.Object, java.lang.Object)'> (0x00000000ebbfa400) thrown at [s\src\hotspot\share\interpreter\linkResolver.cpp, line 773]
Event: 170.302 Thread 0x0000014f280b9000 Exception <a 'java/lang/NoSuchMethodError'{0x00000000eb33fa20}: <clinit>> (0x00000000eb33fa20) thrown at [s\src\hotspot\share\prims\jni.cpp, line 1367]
Event: 170.302 Thread 0x0000014f280b9000 Exception <a 'java/lang/NoSuchMethodError'{0x00000000eb34a2a0}: <clinit>> (0x00000000eb34a2a0) thrown at [s\src\hotspot\share\prims\jni.cpp, line 1367]
Event: 170.563 Thread 0x0000014f280bf800 Exception <a 'java/lang/ClassNotFoundException'{0x00000000ea8b1d00}: build_7e3u811wned8b6f7jyjkcb3xzBeanInfo> (0x00000000ea8b1d00) thrown at [s\src\hotspot\share\classfile\systemDictionary.cpp, line 230]
Event: 170.564 Thread 0x0000014f280bf800 Exception <a 'java/lang/ClassNotFoundException'{0x00000000ea8bd3e0}: build_7e3u811wned8b6f7jyjkcb3xzCustomizer> (0x00000000ea8bd3e0) thrown at [s\src\hotspot\share\classfile\systemDictionary.cpp, line 230]
Event: 170.651 Thread 0x0000014f2a5df800 Exception <a 'sun/nio/fs/WindowsException'{0x00000000eb0f5e68}> (0x00000000eb0f5e68) thrown at [s\src\hotspot\share\prims\jni.cpp, line 617]
Event: 170.659 Thread 0x0000014f2a5df800 Exception <a 'sun/nio/fs/WindowsException'{0x00000000ea2495c0}> (0x00000000ea2495c0) thrown at [s\src\hotspot\share\prims\jni.cpp, line 617]
Event: 170.718 Thread 0x0000014f2a5df800 Exception <a 'sun/nio/fs/WindowsException'{0x00000000ea249730}> (0x00000000ea249730) thrown at [s\src\hotspot\share\prims\jni.cpp, line 617]
Event: 170.724 Thread 0x0000014f280bf800 Exception <a 'java/lang/ClassNotFoundException'{0x00000000ea2db1e0}: build_7e3u811wned8b6f7jyjkcb3xzBeanInfo> (0x00000000ea2db1e0) thrown at [s\src\hotspot\share\classfile\systemDictionary.cpp, line 230]
Event: 170.725 Thread 0x0000014f280bf800 Exception <a 'java/lang/ClassNotFoundException'{0x00000000ea2e68c0}: build_7e3u811wned8b6f7jyjkcb3xzCustomizer> (0x00000000ea2e68c0) thrown at [s\src\hotspot\share\classfile\systemDictionary.cpp, line 230]

Events (20 events):
Event: 170.729 loading class org/gradle/internal/typeconversion/MapNotationConverter$ConvertMethod done
Event: 170.729 loading class org/gradle/internal/typeconversion/MapNotationConverter$ConvertMethodCache
Event: 170.729 loading class org/gradle/internal/typeconversion/MapNotationConverter$ConvertMethodCache done
Event: 170.730 loading class org/gradle/internal/typeconversion/MapKey
Event: 170.730 loading class org/gradle/internal/typeconversion/MapKey done
Event: 170.732 loading class groovy/runtime/metaclass/build_7e3u811wned8b6f7jyjkcb3xz$_run_closure3MetaClass
Event: 170.732 loading class groovy/runtime/metaclass/build_7e3u811wned8b6f7jyjkcb3xz$_run_closure3MetaClass done
Event: 170.738 Executing VM operation: RevokeBias
Event: 170.738 Executing VM operation: RevokeBias done
Event: 170.753 Thread 0x0000014f280c0800 Thread added: 0x0000014f280c0800
Event: 170.758 Thread 0x0000014f280c3800 Thread added: 0x0000014f280c3800
Event: 170.758 Thread 0x0000014f2a5dd000 Thread added: 0x0000014f2a5dd000
Event: 170.758 Thread 0x0000014f2a5da800 Thread added: 0x0000014f2a5da800
Event: 170.760 Thread 0x0000014f2a5dc000 Thread added: 0x0000014f2a5dc000
Event: 170.805 Executing VM operation: RevokeBias
Event: 170.805 Executing VM operation: RevokeBias done
Event: 170.805 Executing VM operation: RevokeBias
Event: 170.805 Executing VM operation: RevokeBias done
Event: 170.890 Executing VM operation: RevokeBias
Event: 170.891 Executing VM operation: RevokeBias done


Dynamic libraries:
0x00007ff6f9790000 - 0x00007ff6f979e000 	C:\Users\MariMax\.jdks\corretto-11.0.22\bin\java.exe
0x00007ffe2a610000 - 0x00007ffe2a808000 	C:\Windows\SYSTEM32\ntdll.dll
0x00007ffe28c50000 - 0x00007ffe28d0d000 	C:\Windows\System32\KERNEL32.DLL
0x00007ffe28300000 - 0x00007ffe285f6000 	C:\Windows\System32\KERNELBASE.dll
0x00007ffe27db0000 - 0x00007ffe27eb0000 	C:\Windows\System32\ucrtbase.dll
0x00007ffe19010000 - 0x00007ffe19027000 	C:\Users\MariMax\.jdks\corretto-11.0.22\bin\jli.dll
0x00007ffe29780000 - 0x00007ffe2991e000 	C:\Windows\System32\USER32.dll
0x00007ffe27cf0000 - 0x00007ffe27d12000 	C:\Windows\System32\win32u.dll
0x00007ffe28b50000 - 0x00007ffe28b7c000 	C:\Windows\System32\GDI32.dll
0x00007ffe281e0000 - 0x00007ffe282fa000 	C:\Windows\System32\gdi32full.dll
0x00007ffe280f0000 - 0x00007ffe2818d000 	C:\Windows\System32\msvcp_win.dll
0x00007ffe18ff0000 - 0x00007ffe1900b000 	C:\Users\MariMax\.jdks\corretto-11.0.22\bin\VCRUNTIME140.dll
0x00007ffe0ed40000 - 0x00007ffe0efda000 	C:\Windows\WinSxS\amd64_microsoft.windows.common-controls_6595b64144ccf1df_6.0.19041.1110_none_60b5254171f9507e\COMCTL32.dll
0x00007ffe28820000 - 0x00007ffe288be000 	C:\Windows\System32\msvcrt.dll
0x00007ffe288c0000 - 0x00007ffe288f0000 	C:\Windows\System32\IMM32.DLL
0x00007ffe18fe0000 - 0x00007ffe18fec000 	C:\Users\MariMax\.jdks\corretto-11.0.22\bin\vcruntime140_1.dll
0x00007ffe09fd0000 - 0x00007ffe0a05d000 	C:\Users\MariMax\.jdks\corretto-11.0.22\bin\msvcp140.dll
0x00007ffddf400000 - 0x00007ffddffc3000 	C:\Users\MariMax\.jdks\corretto-11.0.22\bin\server\jvm.dll
0x00007ffe28a10000 - 0x00007ffe28abe000 	C:\Windows\System32\ADVAPI32.dll
0x00007ffe29b00000 - 0x00007ffe29b9c000 	C:\Windows\System32\sechost.dll
0x00007ffe2a4a0000 - 0x00007ffe2a5c6000 	C:\Windows\System32\RPCRT4.dll
0x00007ffe28670000 - 0x00007ffe28678000 	C:\Windows\System32\PSAPI.DLL
0x00007ffe1bf80000 - 0x00007ffe1bf89000 	C:\Windows\SYSTEM32\WSOCK32.dll
0x00007ffe296b0000 - 0x00007ffe2971b000 	C:\Windows\System32\WS2_32.dll
0x00007ffe0cb80000 - 0x00007ffe0cba7000 	C:\Windows\SYSTEM32\WINMM.dll
0x00007ffe22d80000 - 0x00007ffe22d8a000 	C:\Windows\SYSTEM32\VERSION.dll
0x00007ffe25ba0000 - 0x00007ffe25bb2000 	C:\Windows\SYSTEM32\kernel.appcore.dll
0x00007ffe0e8a0000 - 0x00007ffe0e8b0000 	C:\Users\MariMax\.jdks\corretto-11.0.22\bin\verify.dll
0x00007ffe0c8d0000 - 0x00007ffe0cab4000 	C:\Windows\SYSTEM32\DBGHELP.DLL
0x00007ffe09d50000 - 0x00007ffe09d84000 	C:\Windows\SYSTEM32\dbgcore.DLL
0x00007ffe27d20000 - 0x00007ffe27da2000 	C:\Windows\System32\bcryptPrimitives.dll
0x00007ffe0afb0000 - 0x00007ffe0afd8000 	C:\Users\MariMax\.jdks\corretto-11.0.22\bin\java.dll
0x00007ffe0e040000 - 0x00007ffe0e04a000 	C:\Users\MariMax\.jdks\corretto-11.0.22\bin\jimage.dll
0x00007ffe0b3b0000 - 0x00007ffe0b3c8000 	C:\Users\MariMax\.jdks\corretto-11.0.22\bin\zip.dll
0x00007ffe29ba0000 - 0x00007ffe2a2e5000 	C:\Windows\System32\SHELL32.dll
0x00007ffe25da0000 - 0x00007ffe2653b000 	C:\Windows\SYSTEM32\windows.storage.dll
0x00007ffe28ee0000 - 0x00007ffe29234000 	C:\Windows\System32\combase.dll
0x00007ffe276e0000 - 0x00007ffe2770e000 	C:\Windows\SYSTEM32\Wldp.dll
0x00007ffe29a50000 - 0x00007ffe29afd000 	C:\Windows\System32\SHCORE.dll
0x00007ffe28d10000 - 0x00007ffe28d65000 	C:\Windows\System32\shlwapi.dll
0x00007ffe27c20000 - 0x00007ffe27c45000 	C:\Windows\SYSTEM32\profapi.dll
0x00007ffe0af60000 - 0x00007ffe0af79000 	C:\Users\MariMax\.jdks\corretto-11.0.22\bin\net.dll
0x00007ffe20480000 - 0x00007ffe2058a000 	C:\Windows\SYSTEM32\WINHTTP.dll
0x00007ffe27420000 - 0x00007ffe2748a000 	C:\Windows\system32\mswsock.dll
0x00007ffe0a420000 - 0x00007ffe0a432000 	C:\Users\MariMax\.jdks\corretto-11.0.22\bin\nio.dll
0x00007ffe192f0000 - 0x00007ffe19317000 	C:\Users\MariMax\.gradle\native\68d5fa5c4cc2d200863cafc0d521ce42e7d3e7ee720ec0a83991735586a16f82\windows-amd64\native-platform.dll
0x00007ffde4250000 - 0x00007ffde4394000 	C:\Users\MariMax\.gradle\native\e376f236ea51e6404a007f0833ffe2c6e607c4080706a723a18a27aeea778392\windows-amd64\native-platform-file-events.dll
0x00007ffe192e0000 - 0x00007ffe192e9000 	C:\Users\MariMax\.jdks\corretto-11.0.22\bin\management.dll
0x00007ffe18eb0000 - 0x00007ffe18ebb000 	C:\Users\MariMax\.jdks\corretto-11.0.22\bin\management_ext.dll
0x00007ffe27610000 - 0x00007ffe27628000 	C:\Windows\SYSTEM32\CRYPTSP.dll
0x00007ffe26cd0000 - 0x00007ffe26d04000 	C:\Windows\system32\rsaenh.dll
0x00007ffe27f60000 - 0x00007ffe27f87000 	C:\Windows\System32\bcrypt.dll
0x00007ffe27ba0000 - 0x00007ffe27bce000 	C:\Windows\SYSTEM32\USERENV.dll
0x00007ffe27630000 - 0x00007ffe2763c000 	C:\Windows\SYSTEM32\CRYPTBASE.dll
0x00007ffe27110000 - 0x00007ffe2714b000 	C:\Windows\SYSTEM32\IPHLPAPI.DLL
0x00007ffe28d70000 - 0x00007ffe28d78000 	C:\Windows\System32\NSI.dll
0x00007ffe20720000 - 0x00007ffe20737000 	C:\Windows\SYSTEM32\dhcpcsvc6.DLL
0x00007ffe208a0000 - 0x00007ffe208bd000 	C:\Windows\SYSTEM32\dhcpcsvc.DLL
0x00007ffe27160000 - 0x00007ffe2722a000 	C:\Windows\SYSTEM32\DNSAPI.dll
0x00007ffe19110000 - 0x00007ffe1911e000 	C:\Users\MariMax\.jdks\corretto-11.0.22\bin\sunmscapi.dll
0x00007ffe27f90000 - 0x00007ffe280ee000 	C:\Windows\System32\CRYPT32.dll
0x00007ffe27750000 - 0x00007ffe27778000 	C:\Windows\SYSTEM32\ncrypt.dll
0x00007ffe27710000 - 0x00007ffe2774b000 	C:\Windows\SYSTEM32\NTASN1.dll
0x00007ffe190e0000 - 0x00007ffe19107000 	C:\Users\MariMax\.jdks\corretto-11.0.22\bin\sunec.dll
0x00007ffe1a450000 - 0x00007ffe1a45a000 	C:\Windows\System32\rasadhlp.dll
0x00007ffe1a8f0000 - 0x00007ffe1a972000 	C:\Windows\System32\fwpuclnt.dll

dbghelp: loaded successfully - version: 4.0.5 - missing functions: none
symbol engine: initialized successfully - sym options: 0x614 - pdb path: .;C:\Users\MariMax\.jdks\corretto-11.0.22\bin;C:\Windows\SYSTEM32;C:\Windows\WinSxS\amd64_microsoft.windows.common-controls_6595b64144ccf1df_6.0.19041.1110_none_60b5254171f9507e;C:\Users\MariMax\.jdks\corretto-11.0.22\bin\server;C:\Users\MariMax\.gradle\native\68d5fa5c4cc2d200863cafc0d521ce42e7d3e7ee720ec0a83991735586a16f82\windows-amd64;C:\Users\MariMax\.gradle\native\e376f236ea51e6404a007f0833ffe2c6e607c4080706a723a18a27aeea778392\windows-amd64

VM Arguments:
jvm_args: --add-opens=java.base/java.util=ALL-UNNAMED --add-opens=java.base/java.lang=ALL-UNNAMED --add-opens=java.base/java.lang.invoke=ALL-UNNAMED --add-opens=java.prefs/java.util.prefs=ALL-UNNAMED --add-opens=java.base/java.nio.charset=ALL-UNNAMED --add-opens=java.base/java.net=ALL-UNNAMED --add-opens=java.base/java.util.concurrent.atomic=ALL-UNNAMED -XX:MaxMetaspaceSize=256m -XX:+HeapDumpOnOutOfMemoryError -Xms256m -Xmx512m -Dfile.encoding=windows-1251 -Duser.country=RU -Duser.language=ru -Duser.variant 
java_command: org.gradle.launcher.daemon.bootstrap.GradleDaemon 7.6
java_class_path (initial): C:\Users\MariMax\.gradle\wrapper\dists\gradle-7.6-bin\9l9tetv7ltxvx3i8an4pb86ye\gradle-7.6\lib\gradle-launcher-7.6.jar
Launcher Type: SUN_STANDARD

[Global flags]
     intx CICompilerCount                          = 3                                         {product} {ergonomic}
   size_t CompressedClassSpaceSize                 = 260046848                                 {product} {ergonomic}
     uint ConcGCThreads                            = 1                                         {product} {ergonomic}
     uint G1ConcRefinementThreads                  = 4                                         {product} {ergonomic}
   size_t G1HeapRegionSize                         = 1048576                                   {product} {ergonomic}
    uintx GCDrainStackTargetSize                   = 64                                        {product} {ergonomic}
     bool HeapDumpOnOutOfMemoryError               = true                                   {manageable} {command line}
   size_t InitialHeapSize                          = 268435456                                 {product} {command line}
   size_t MarkStackSize                            = 4194304                                   {product} {ergonomic}
   size_t MaxHeapSize                              = 536870912                                 {product} {command line}
   size_t MaxMetaspaceSize                         = 268435456                                 {product} {command line}
   size_t MaxNewSize                               = 321912832                                 {product} {ergonomic}
   size_t MinHeapDeltaBytes                        = 1048576                                   {product} {ergonomic}
    uintx NonNMethodCodeHeapSize                   = 5830732                                {pd product} {ergonomic}
    uintx NonProfiledCodeHeapSize                  = 122913754                              {pd product} {ergonomic}
    uintx ProfiledCodeHeapSize                     = 122913754                              {pd product} {ergonomic}
    uintx ReservedCodeCacheSize                    = 251658240                              {pd product} {ergonomic}
     bool SegmentedCodeCache                       = true                                      {product} {ergonomic}
     bool UseCompressedClassPointers               = true                                 {lp64_product} {ergonomic}
     bool UseCompressedOops                        = true                                 {lp64_product} {ergonomic}
     bool UseG1GC                                  = true                                      {product} {ergonomic}
     bool UseLargePagesIndividualAllocation        = false                                  {pd product} {ergonomic}

Logging:
Log output configuration:
 #0: stdout all=warning uptime,level,tags
 #1: stderr all=off uptime,level,tags

Environment Variables:
JAVA_HOME=C:\Program Files\Eclipse Adoptium\jdk-11.0.23.9-hotspot\
PATH=C:\Program Files\Eclipse Adoptium\jdk-11.0.23.9-hotspot\bin;"c:\Windows;c:\Windows\system32";C:\Windows\system32;C:\Windows;C:\Windows\System32\Wbem;C:\Windows\System32\WindowsPowerShell\v1.0\;C:\Program Files\Git\cmd;C:\Windows\System32\OpenSSH\;C:\Users\MariMax\AppData\Local\Microsoft\WindowsApps;C:\Users\MariMax\AppData\Local\Programs\Microsoft VS Code\bin
USERNAME=MariMax
OS=Windows_NT
PROCESSOR_IDENTIFIER=Intel64 Family 6 Model 94 Stepping 3, GenuineIntel
TMP=C:\Temp
TEMP=C:\Temp



---------------  S Y S T E M  ---------------

OS: Windows 10 , 64 bit Build 19041 (10.0.19041.3393)
OS uptime: 0 days 0:18 hours

CPU:total 4 (initial active 4) (2 cores per cpu, 2 threads per core) family 6 model 94 stepping 3 microcode 0xcc, cmov, cx8, fxsr, mmx, sse, sse2, sse3, ssse3, sse4.1, sse4.2, popcnt, avx, avx2, aes, clmul, erms, 3dnowpref, lzcnt, ht, tsc, tscinvbit, bmi1, bmi2, adx, fma

Memory: 4k page, system-wide physical 8057M (1210M free)
TotalPageFile size 10355M (AvailPageFile size 1888M)
current process WorkingSet (physical memory assigned to process): 486M, peak: 488M
current process commit charge ("private bytes"): 532M, peak: 536M

vm_info: OpenJDK 64-Bit Server VM (11.0.22+7-LTS) for windows-amd64 JRE (11.0.22+7-LTS), built on Jan 10 2024 19:54:00 by "Administrator" with MS VC++ 16.10 / 16.11 (VS2019)

END.
